<?xml version="1.0" encoding="UTF-8"?>
<testsuites name="loginpetstore" time="191.109" tests="2" failures="0" errors="0">
   <testsuite name="loginpetstore" tests="2" failures="0" errors="0" time="191.109" skipped="0" timestamp="21-04-2024T16:21:34" hostname="QH615NR - IN2410268W1.ey.net" id="Test Suites/petstore/loginpetstore">
      <properties>
         <property name="deviceName" value=""/>
         <property name="devicePlatform" value=""/>
         <property name="logFolder" value="C:\\Users\\QH615NR\\OneDrive - EY\\Desktop\\Katalon Training\\Git\\KatalonGitProjectfolder\\KataloneGitProject\\Reports\\20240421_162102\\petstore\\loginpetstore\\20240421_162102"/>
         <property name="logFiles" value="C:\\Users\\QH615NR\\OneDrive - EY\\Desktop\\Katalon Training\\Git\\KatalonGitProjectfolder\\KataloneGitProject\\Reports\\20240421_162102\\petstore\\loginpetstore\\20240421_162102\\execution0.log"/>
         <property name="attachments" value=""/>
         <property name="hostName" value="QH615NR - IN2410268W1.ey.net"/>
         <property name="os" value="Windows 10 64bit"/>
         <property name="katalonVersion" value="9.4.0.212"/>
         <property name="browser" value="Edge Chromium 124"/>
         <property name="hostAddress" value="192.168.1.6"/>
         <property name="sessionId" value="9ca2e49bb8100772b151a7bbc0de6855"/>
         <property name="seleniumVersion" value="3.141.59"/>
         <property name="proxyInformation" value="ProxyInformation { proxyOption=NO_PROXY, proxyServerType=HTTP, username=, password=********, proxyServerAddress=, proxyServerPort=0, executionList=&quot;&quot;, isApplyToDesiredCapabilities=true }"/>
         <property name="platform" value="Windows 10"/>
      </properties>
      <testcase name="Test Cases/petstore/loginpetstore" time="93.18" classname="Test Cases/petstore/loginpetstore" status="PASSED">
         <system-out><![CDATA[21-04-2024T16:21:34 - [TEST_CASE][PASSED] - Test Cases/petstore/loginpetstore: Test Cases/petstore/loginpetstore

21-04-2024T16:21:36 - [TEST_STEP][PASSED] - openBrowser(""): Browser is opened with url: ''

21-04-2024T16:21:37 - [MESSAGE][INFO] - Starting 'Edge Chromium' driver

21-04-2024T16:21:42 - [MESSAGE][INFO] - Action delay is set to 0 milliseconds

21-04-2024T16:21:49 - [MESSAGE][PASSED] - Browser is opened with url: ''

21-04-2024T16:21:49 - [TEST_STEP][PASSED] - navigateToUrl(URL): Navigate to 'https://petstore.octoperf.com/actions/Catalog.action' successfully

21-04-2024T16:21:52 - [MESSAGE][PASSED] - Navigate to 'https://petstore.octoperf.com/actions/Catalog.action' successfully

21-04-2024T16:21:52 - [TEST_STEP][PASSED] - click(findTestObject("Object Repository/Page_JPetStore Demo/a_Sign In")): Object: 'Object Repository/Page_JPetStore Demo/a_Sign In' is clicked on

21-04-2024T16:21:54 - [MESSAGE][PASSED] - Object: 'Object Repository/Page_JPetStore Demo/a_Sign In' is clicked on

21-04-2024T16:21:54 - [TEST_STEP][PASSED] - setText(findTestObject("Object Repository/Page_JPetStore Demo/input_Need a user name and password_username"), Username): Text 'Debahuti' is set on object 'Object Repository/Page_JPetStore Demo/input_Need a user name and password_username'

21-04-2024T16:22:26 - [MESSAGE][INFO] - Unable to find the element located by 'By.xpath: //input[@id='stripes--1289334889']'. Please recheck the objects properties to make sure the desired element is located. 

21-04-2024T16:22:26 - [MESSAGE][WARNING] - [SELF-HEALING] Failed to find element with id 'Object Repository/Page_JPetStore Demo/input_Need a user name and password_username'. Try using Self-healing.

21-04-2024T16:22:26 - [MESSAGE][WARNING] - [SELF-HEALING] The current locator of test object 'Object Repository/Page_JPetStore Demo/input_Need a user name and password_username' was broken. Propose an alternative one: '//div[@id='Catalog']/form/p[2]/input'.

21-04-2024T16:22:58 - [MESSAGE][INFO] - Unable to find the element located by 'By.xpath: //input[@id='stripes--1289334889']'. Please recheck the objects properties to make sure the desired element is located. 

21-04-2024T16:22:58 - [MESSAGE][WARNING] - [SELF-HEALING] Failed to find element with id 'Object Repository/Page_JPetStore Demo/input_Need a user name and password_username'. Try using Self-healing.

21-04-2024T16:22:59 - [MESSAGE][WARNING] - [SELF-HEALING] The current locator of test object 'Object Repository/Page_JPetStore Demo/input_Need a user name and password_username' was broken. Propose an alternative one: '//div[@id='Catalog']/form/p[2]/input'.

21-04-2024T16:22:59 - [MESSAGE][PASSED] - Text 'Debahuti' is set on object 'Object Repository/Page_JPetStore Demo/input_Need a user name and password_username'

21-04-2024T16:22:59 - [TEST_STEP][PASSED] - setEncryptedText(findTestObject("Object Repository/Page_JPetStore Demo/input_Need a user name and password_password"), "gx5eF5RZOCViIDRmNDPMxg=="): Text ****** has been set on object 'Object Repository/Page_JPetStore Demo/input_Need a user name and password_password'

21-04-2024T16:23:03 - [MESSAGE][PASSED] - Text ****** has been set on object 'Object Repository/Page_JPetStore Demo/input_Need a user name and password_password'

21-04-2024T16:23:03 - [TEST_STEP][PASSED] - click(findTestObject("Object Repository/Page_JPetStore Demo/input_Need a user name and password_signon")): Object: 'Object Repository/Page_JPetStore Demo/input_Need a user name and password_signon' is clicked on

21-04-2024T16:23:04 - [MESSAGE][PASSED] - Object: 'Object Repository/Page_JPetStore Demo/input_Need a user name and password_signon' is clicked on

21-04-2024T16:23:04 - [TEST_STEP][PASSED] - click(findTestObject("Object Repository/Page_JPetStore Demo/a_Sign Out")): Object: 'Object Repository/Page_JPetStore Demo/a_Sign Out' is clicked on

21-04-2024T16:23:05 - [MESSAGE][PASSED] - Object: 'Object Repository/Page_JPetStore Demo/a_Sign Out' is clicked on

21-04-2024T16:23:05 - [TEST_STEP][PASSED] - closeBrowser(): Browser is closed

21-04-2024T16:23:08 - [MESSAGE][PASSED] - Browser is closed]]></system-out>
         <system-err><![CDATA[]]></system-err>
      </testcase>
      <testcase name="Test Cases/petstore/loginpetstore" time="97.233" classname="Test Cases/petstore/loginpetstore" status="PASSED">
         <system-out><![CDATA[21-04-2024T16:23:08 - [TEST_CASE][PASSED] - Test Cases/petstore/loginpetstore: Test Cases/petstore/loginpetstore

21-04-2024T16:23:08 - [TEST_STEP][PASSED] - openBrowser(""): Browser is opened with url: ''

21-04-2024T16:23:08 - [MESSAGE][INFO] - Starting 'Edge Chromium' driver

21-04-2024T16:23:13 - [MESSAGE][INFO] - Action delay is set to 0 milliseconds

21-04-2024T16:23:18 - [MESSAGE][PASSED] - Browser is opened with url: ''

21-04-2024T16:23:18 - [TEST_STEP][PASSED] - navigateToUrl(URL): Navigate to 'https://petstore.octoperf.com/actions/Catalog.action' successfully

21-04-2024T16:23:22 - [MESSAGE][PASSED] - Navigate to 'https://petstore.octoperf.com/actions/Catalog.action' successfully

21-04-2024T16:23:22 - [TEST_STEP][PASSED] - click(findTestObject("Object Repository/Page_JPetStore Demo/a_Sign In")): Object: 'Object Repository/Page_JPetStore Demo/a_Sign In' is clicked on

21-04-2024T16:23:25 - [MESSAGE][PASSED] - Object: 'Object Repository/Page_JPetStore Demo/a_Sign In' is clicked on

21-04-2024T16:23:25 - [TEST_STEP][PASSED] - setText(findTestObject("Object Repository/Page_JPetStore Demo/input_Need a user name and password_username"), Username): Text 'Debahuti' is set on object 'Object Repository/Page_JPetStore Demo/input_Need a user name and password_username'

21-04-2024T16:23:58 - [MESSAGE][INFO] - Unable to find the element located by 'By.xpath: //input[@id='stripes--1289334889']'. Please recheck the objects properties to make sure the desired element is located. 

21-04-2024T16:23:58 - [MESSAGE][WARNING] - [SELF-HEALING] Failed to find element with id 'Object Repository/Page_JPetStore Demo/input_Need a user name and password_username'. Try using Self-healing.

21-04-2024T16:24:00 - [MESSAGE][WARNING] - [SELF-HEALING] The current locator of test object 'Object Repository/Page_JPetStore Demo/input_Need a user name and password_username' was broken. Propose an alternative one: '//div[@id='Catalog']/form/p[2]/input'.

21-04-2024T16:24:32 - [MESSAGE][INFO] - Unable to find the element located by 'By.xpath: //input[@id='stripes--1289334889']'. Please recheck the objects properties to make sure the desired element is located. 

21-04-2024T16:24:32 - [MESSAGE][WARNING] - [SELF-HEALING] Failed to find element with id 'Object Repository/Page_JPetStore Demo/input_Need a user name and password_username'. Try using Self-healing.

21-04-2024T16:24:34 - [MESSAGE][WARNING] - [SELF-HEALING] The current locator of test object 'Object Repository/Page_JPetStore Demo/input_Need a user name and password_username' was broken. Propose an alternative one: '//div[@id='Catalog']/form/p[2]/input'.

21-04-2024T16:24:36 - [MESSAGE][PASSED] - Text 'Debahuti' is set on object 'Object Repository/Page_JPetStore Demo/input_Need a user name and password_username'

21-04-2024T16:24:36 - [TEST_STEP][PASSED] - setEncryptedText(findTestObject("Object Repository/Page_JPetStore Demo/input_Need a user name and password_password"), "gx5eF5RZOCViIDRmNDPMxg=="): Text ****** has been set on object 'Object Repository/Page_JPetStore Demo/input_Need a user name and password_password'

21-04-2024T16:24:39 - [MESSAGE][PASSED] - Text ****** has been set on object 'Object Repository/Page_JPetStore Demo/input_Need a user name and password_password'

21-04-2024T16:24:39 - [TEST_STEP][PASSED] - click(findTestObject("Object Repository/Page_JPetStore Demo/input_Need a user name and password_signon")): Object: 'Object Repository/Page_JPetStore Demo/input_Need a user name and password_signon' is clicked on

21-04-2024T16:24:41 - [MESSAGE][PASSED] - Object: 'Object Repository/Page_JPetStore Demo/input_Need a user name and password_signon' is clicked on

21-04-2024T16:24:41 - [TEST_STEP][PASSED] - click(findTestObject("Object Repository/Page_JPetStore Demo/a_Sign Out")): Object: 'Object Repository/Page_JPetStore Demo/a_Sign Out' is clicked on

21-04-2024T16:24:43 - [MESSAGE][PASSED] - Object: 'Object Repository/Page_JPetStore Demo/a_Sign Out' is clicked on

21-04-2024T16:24:43 - [TEST_STEP][PASSED] - closeBrowser(): Browser is closed

21-04-2024T16:24:45 - [MESSAGE][PASSED] - Browser is closed]]></system-out>
         <system-err><![CDATA[]]></system-err>
      </testcase>
      <system-out><![CDATA[21-04-2024T16:21:34 - [TEST_SUITE][PASSED] - loginpetstore: Test Cases/petstore/loginpetstore]]></system-out>
      <system-err><![CDATA[]]></system-err>
   </testsuite>
</testsuites>
