<?xml version="1.0" encoding="UTF-8"?>
<testsuites name="Add_birds" time="96.053" tests="1" failures="0" errors="0">
   <testsuite name="Add_birds" tests="1" failures="0" errors="0" time="96.053" skipped="0" timestamp="23-04-2024T18:51:47" hostname="QH615NR - IN2410268W1.ey.net" id="Test Suites/petstore/Add_birds">
      <properties>
         <property name="deviceName" value=""/>
         <property name="devicePlatform" value=""/>
         <property name="logFolder" value="C:\\Users\\QH615NR\\OneDrive - EY\\Desktop\\Katalon Training\\Git\\KatalonGitProjectfolder\\KataloneGitProject\\Reports\\20240423_185123\\petstore\\Add_birds\\20240423_185123"/>
         <property name="logFiles" value="C:\\Users\\QH615NR\\OneDrive - EY\\Desktop\\Katalon Training\\Git\\KatalonGitProjectfolder\\KataloneGitProject\\Reports\\20240423_185123\\petstore\\Add_birds\\20240423_185123\\execution0.log"/>
         <property name="attachments" value=""/>
         <property name="hostName" value="QH615NR - IN2410268W1.ey.net"/>
         <property name="os" value="Windows 10 64bit"/>
         <property name="katalonVersion" value="9.4.0.212"/>
         <property name="browser" value="Edge Chromium 124"/>
         <property name="hostAddress" value="192.168.1.4"/>
         <property name="sessionId" value="cc75e11f59b810d2322deb73ff7bab2d"/>
         <property name="seleniumVersion" value="3.141.59"/>
         <property name="proxyInformation" value="ProxyInformation { proxyOption=NO_PROXY, proxyServerType=HTTP, username=, password=********, proxyServerAddress=, proxyServerPort=0, executionList=&quot;&quot;, isApplyToDesiredCapabilities=true }"/>
         <property name="platform" value="Windows 10"/>
      </properties>
      <testcase name="Test Cases/petstore/Add_birds" time="95.441" classname="Test Cases/petstore/Add_birds" status="PASSED">
         <system-out><![CDATA[23-04-2024T18:51:47 - [TEST_CASE][PASSED] - Test Cases/petstore/Add_birds: Test Cases/petstore/Add_birds

23-04-2024T18:51:49 - [TEST_STEP][PASSED] - openBrowser(""): Browser is opened with url: ''

23-04-2024T18:51:50 - [MESSAGE][INFO] - Starting 'Edge Chromium' driver

23-04-2024T18:51:55 - [MESSAGE][INFO] - Action delay is set to 0 milliseconds

23-04-2024T18:52:01 - [MESSAGE][PASSED] - Browser is opened with url: ''

23-04-2024T18:52:01 - [TEST_STEP][PASSED] - navigateToUrl("https://petstore.octoperf.com/actions/Catalog.action"): Navigate to 'https://petstore.octoperf.com/actions/Catalog.action' successfully

23-04-2024T18:52:04 - [MESSAGE][PASSED] - Navigate to 'https://petstore.octoperf.com/actions/Catalog.action' successfully

23-04-2024T18:52:04 - [TEST_STEP][PASSED] - click(findTestObject("Object Repository/Page_JPetStore Demo/a_Sign In (4)")): Object: 'Object Repository/Page_JPetStore Demo/a_Sign In (4)' is clicked on

23-04-2024T18:52:06 - [MESSAGE][PASSED] - Object: 'Object Repository/Page_JPetStore Demo/a_Sign In (4)' is clicked on

23-04-2024T18:52:06 - [TEST_STEP][PASSED] - setText(findTestObject("Object Repository/Page_JPetStore Demo/input_Need a user name and password_username (4)"), "Debahuti"): Text 'Debahuti' is set on object 'Object Repository/Page_JPetStore Demo/input_Need a user name and password_username (4)'

23-04-2024T18:52:37 - [MESSAGE][INFO] - Unable to find the element located by 'By.xpath: //input[@id='stripes--1720019623']'. Please recheck the objects properties to make sure the desired element is located. 

23-04-2024T18:52:37 - [MESSAGE][WARNING] - [SELF-HEALING] Failed to find element with id 'Object Repository/Page_JPetStore Demo/input_Need a user name and password_username (4)'. Try using Self-healing.

23-04-2024T18:52:38 - [MESSAGE][WARNING] - [SELF-HEALING] The current locator of test object 'Object Repository/Page_JPetStore Demo/input_Need a user name and password_username (4)' was broken. Propose an alternative one: '//div[@id='Catalog']/form/p[2]/input'.

23-04-2024T18:53:09 - [MESSAGE][INFO] - Unable to find the element located by 'By.xpath: //input[@id='stripes--1720019623']'. Please recheck the objects properties to make sure the desired element is located. 

23-04-2024T18:53:09 - [MESSAGE][WARNING] - [SELF-HEALING] Failed to find element with id 'Object Repository/Page_JPetStore Demo/input_Need a user name and password_username (4)'. Try using Self-healing.

23-04-2024T18:53:10 - [MESSAGE][WARNING] - [SELF-HEALING] The current locator of test object 'Object Repository/Page_JPetStore Demo/input_Need a user name and password_username (4)' was broken. Propose an alternative one: '//div[@id='Catalog']/form/p[2]/input'.

23-04-2024T18:53:10 - [MESSAGE][PASSED] - Text 'Debahuti' is set on object 'Object Repository/Page_JPetStore Demo/input_Need a user name and password_username (4)'

23-04-2024T18:53:10 - [TEST_STEP][PASSED] - setEncryptedText(findTestObject("Object Repository/Page_JPetStore Demo/input_Need a user name and password_password (4)"), "gx5eF5RZOCViIDRmNDPMxg=="): Text ****** has been set on object 'Object Repository/Page_JPetStore Demo/input_Need a user name and password_password (4)'

23-04-2024T18:53:11 - [MESSAGE][PASSED] - Text ****** has been set on object 'Object Repository/Page_JPetStore Demo/input_Need a user name and password_password (4)'

23-04-2024T18:53:11 - [TEST_STEP][PASSED] - click(findTestObject("Object Repository/Page_JPetStore Demo/input_Need a user name and password_signon (4)")): Object: 'Object Repository/Page_JPetStore Demo/input_Need a user name and password_signon (4)' is clicked on

23-04-2024T18:53:12 - [MESSAGE][PASSED] - Object: 'Object Repository/Page_JPetStore Demo/input_Need a user name and password_signon (4)' is clicked on

23-04-2024T18:53:12 - [TEST_STEP][PASSED] - click(findTestObject("Object Repository/Page_JPetStore Demo/img (3)")): Object: 'Object Repository/Page_JPetStore Demo/img (3)' is clicked on

23-04-2024T18:53:13 - [MESSAGE][PASSED] - Object: 'Object Repository/Page_JPetStore Demo/img (3)' is clicked on

23-04-2024T18:53:13 - [TEST_STEP][PASSED] - click(findTestObject("Object Repository/Page_JPetStore Demo/a_AV-CB-01")): Object: 'Object Repository/Page_JPetStore Demo/a_AV-CB-01' is clicked on

23-04-2024T18:53:14 - [MESSAGE][PASSED] - Object: 'Object Repository/Page_JPetStore Demo/a_AV-CB-01' is clicked on

23-04-2024T18:53:14 - [TEST_STEP][PASSED] - click(findTestObject("Object Repository/Page_JPetStore Demo/a_Add to Cart (3)")): Object: 'Object Repository/Page_JPetStore Demo/a_Add to Cart (3)' is clicked on

23-04-2024T18:53:15 - [MESSAGE][PASSED] - Object: 'Object Repository/Page_JPetStore Demo/a_Add to Cart (3)' is clicked on

23-04-2024T18:53:15 - [TEST_STEP][PASSED] - setText(findTestObject("Object Repository/Page_JPetStore Demo/input_false_EST-18"), "6"): Text '6' is set on object 'Object Repository/Page_JPetStore Demo/input_false_EST-18'

23-04-2024T18:53:16 - [MESSAGE][PASSED] - Text '6' is set on object 'Object Repository/Page_JPetStore Demo/input_false_EST-18'

23-04-2024T18:53:16 - [TEST_STEP][PASSED] - click(findTestObject("Object Repository/Page_JPetStore Demo/input_Sub Total 193.50_updateCartQuantities")): Object: 'Object Repository/Page_JPetStore Demo/input_Sub Total 193.50_updateCartQuantities' is clicked on

23-04-2024T18:53:17 - [MESSAGE][PASSED] - Object: 'Object Repository/Page_JPetStore Demo/input_Sub Total 193.50_updateCartQuantities' is clicked on

23-04-2024T18:53:17 - [TEST_STEP][PASSED] - click(findTestObject("Object Repository/Page_JPetStore Demo/a_Proceed to Checkout (3)")): Object: 'Object Repository/Page_JPetStore Demo/a_Proceed to Checkout (3)' is clicked on

23-04-2024T18:53:18 - [MESSAGE][PASSED] - Object: 'Object Repository/Page_JPetStore Demo/a_Proceed to Checkout (3)' is clicked on

23-04-2024T18:53:18 - [TEST_STEP][PASSED] - click(findTestObject("Object Repository/Page_JPetStore Demo/input_Ship to different address_newOrder (3)")): Object: 'Object Repository/Page_JPetStore Demo/input_Ship to different address_newOrder (3)' is clicked on

23-04-2024T18:53:19 - [MESSAGE][PASSED] - Object: 'Object Repository/Page_JPetStore Demo/input_Ship to different address_newOrder (3)' is clicked on

23-04-2024T18:53:19 - [TEST_STEP][PASSED] - click(findTestObject("Object Repository/Page_JPetStore Demo/a_Confirm (2)")): Object: 'Object Repository/Page_JPetStore Demo/a_Confirm (2)' is clicked on

23-04-2024T18:53:20 - [MESSAGE][PASSED] - Object: 'Object Repository/Page_JPetStore Demo/a_Confirm (2)' is clicked on

23-04-2024T18:53:20 - [TEST_STEP][PASSED] - click(findTestObject("Object Repository/Page_JPetStore Demo/a_Sign Out (3)")): Object: 'Object Repository/Page_JPetStore Demo/a_Sign Out (3)' is clicked on

23-04-2024T18:53:21 - [MESSAGE][PASSED] - Object: 'Object Repository/Page_JPetStore Demo/a_Sign Out (3)' is clicked on

23-04-2024T18:53:21 - [TEST_STEP][PASSED] - closeBrowser(): Browser is closed

23-04-2024T18:53:23 - [MESSAGE][PASSED] - Browser is closed]]></system-out>
         <system-err><![CDATA[]]></system-err>
      </testcase>
      <system-out><![CDATA[23-04-2024T18:51:47 - [TEST_SUITE][PASSED] - Add_birds: Test Cases/petstore/Add_birds]]></system-out>
      <system-err><![CDATA[]]></system-err>
   </testsuite>
</testsuites>
