<?xml version="1.0" encoding="UTF-8"?>
<testsuites name="Sw_login" time="56.942" tests="1" failures="0" errors="0">
   <testsuite name="Sw_login" tests="1" failures="0" errors="0" time="56.942" skipped="0" timestamp="28-04-2024T10:38:27" hostname="QH615NR - host.docker.internal" id="Test Suites/Swag_lab/Sw_login">
      <properties>
         <property name="deviceName" value=""/>
         <property name="devicePlatform" value=""/>
         <property name="logFolder" value="C:\\Users\\QH615NR\\OneDrive - EY\\Desktop\\Katalon Training\\Git\\KatalonGitProjectfolder\\KataloneGitProject\\Reports\\20240428_103737\\Swag_lab\\Sw_login\\20240428_103812"/>
         <property name="logFiles" value="C:\\Users\\QH615NR\\OneDrive - EY\\Desktop\\Katalon Training\\Git\\KatalonGitProjectfolder\\KataloneGitProject\\Reports\\20240428_103737\\Swag_lab\\Sw_login\\20240428_103812\\execution0.log"/>
         <property name="attachments" value=""/>
         <property name="hostName" value="QH615NR - host.docker.internal"/>
         <property name="os" value="Windows 10 64bit"/>
         <property name="katalonVersion" value="9.4.0.212"/>
         <property name="browser" value="Edge Chromium 124"/>
         <property name="hostAddress" value="192.168.1.2"/>
         <property name="sessionId" value="07dff2251ca68e6e9f1a10c044f1951a"/>
         <property name="seleniumVersion" value="3.141.59"/>
         <property name="proxyInformation" value="ProxyInformation { proxyOption=NO_PROXY, proxyServerType=HTTP, username=, password=********, proxyServerAddress=, proxyServerPort=0, executionList=&quot;&quot;, isApplyToDesiredCapabilities=true }"/>
         <property name="platform" value="Windows 10"/>
      </properties>
      <testcase name="Test Cases/Swag_Lab/Sw_login" time="56.442" classname="Test Cases/Swag_Lab/Sw_login" status="PASSED">
         <system-out><![CDATA[28-04-2024T10:38:27 - [TEST_CASE][PASSED] - Test Cases/Swag_Lab/Sw_login: Test Cases/Swag_Lab/Sw_login

28-04-2024T10:38:28 - [TEST_STEP][PASSED] - openBrowser(""): Browser is opened with url: ''

28-04-2024T10:38:29 - [MESSAGE][INFO] - Starting 'Edge Chromium' driver

28-04-2024T10:38:34 - [MESSAGE][INFO] - Action delay is set to 0 milliseconds

28-04-2024T10:38:41 - [MESSAGE][PASSED] - Browser is opened with url: ''

28-04-2024T10:38:41 - [TEST_STEP][PASSED] - navigateToUrl("https://www.saucedemo.com/v1/index.html"): Navigate to 'https://www.saucedemo.com/v1/index.html' successfully

28-04-2024T10:38:44 - [MESSAGE][PASSED] - Navigate to 'https://www.saucedemo.com/v1/index.html' successfully

28-04-2024T10:38:44 - [TEST_STEP][PASSED] - setText(findTestObject("Object Repository/Page_Swag Labs/input_standard_userlocked_out_userproblem_u_db77ac"), "standard_user"): Text 'standard_user' is set on object 'Object Repository/Page_Swag Labs/input_standard_userlocked_out_userproblem_u_db77ac'

28-04-2024T10:38:52 - [MESSAGE][PASSED] - Text 'standard_user' is set on object 'Object Repository/Page_Swag Labs/input_standard_userlocked_out_userproblem_u_db77ac'

28-04-2024T10:38:52 - [TEST_STEP][PASSED] - setEncryptedText(findTestObject("Object Repository/Page_Swag Labs/input_standard_userlocked_out_userproblem_u_3423e9"), "qcu24s4901FyWDTwXGr6XA=="): Text ****** has been set on object 'Object Repository/Page_Swag Labs/input_standard_userlocked_out_userproblem_u_3423e9'

28-04-2024T10:38:57 - [MESSAGE][PASSED] - Text ****** has been set on object 'Object Repository/Page_Swag Labs/input_standard_userlocked_out_userproblem_u_3423e9'

28-04-2024T10:38:57 - [TEST_STEP][PASSED] - click(findTestObject("Object Repository/Page_Swag Labs/input_standard_userlocked_out_userproblem_u_0dff71")): Object: 'Object Repository/Page_Swag Labs/input_standard_userlocked_out_userproblem_u_0dff71' is clicked on

28-04-2024T10:39:03 - [MESSAGE][PASSED] - Object: 'Object Repository/Page_Swag Labs/input_standard_userlocked_out_userproblem_u_0dff71' is clicked on

28-04-2024T10:39:03 - [TEST_STEP][PASSED] - click(findTestObject("Object Repository/Page_Swag Labs/button_Open Menu")): Object: 'Object Repository/Page_Swag Labs/button_Open Menu' is clicked on

28-04-2024T10:39:06 - [MESSAGE][PASSED] - Object: 'Object Repository/Page_Swag Labs/button_Open Menu' is clicked on

28-04-2024T10:39:06 - [TEST_STEP][PASSED] - click(findTestObject("Object Repository/Page_Swag Labs/a_Logout")): Object: 'Object Repository/Page_Swag Labs/a_Logout' is clicked on

28-04-2024T10:39:09 - [MESSAGE][PASSED] - Object: 'Object Repository/Page_Swag Labs/a_Logout' is clicked on

28-04-2024T10:39:09 - [TEST_STEP][PASSED] - closeBrowser(): Browser is closed

28-04-2024T10:39:24 - [MESSAGE][PASSED] - Browser is closed]]></system-out>
         <system-err><![CDATA[]]></system-err>
      </testcase>
      <system-out><![CDATA[28-04-2024T10:38:27 - [TEST_SUITE][PASSED] - Sw_login: Test Cases/Swag_Lab/Sw_login]]></system-out>
      <system-err><![CDATA[]]></system-err>
   </testsuite>
</testsuites>
