<?xml version="1.0" encoding="UTF-8"?>
<testsuites name="Add_to_cart" time="28.326" tests="1" failures="0" errors="0">
   <testsuite name="Add_to_cart" tests="1" failures="0" errors="0" time="28.326" skipped="0" timestamp="24-04-2024T18:11:25" hostname="QH615NR - IN2410268W1.ey.net" id="Test Suites/Swag_lab/Add_to_cart">
      <properties>
         <property name="deviceName" value=""/>
         <property name="devicePlatform" value=""/>
         <property name="logFolder" value="C:\\Users\\QH615NR\\OneDrive - EY\\Desktop\\Katalon Training\\Git\\KatalonGitProjectfolder\\KataloneGitProject\\Reports\\20240424_181105\\Swag_lab\\Add_to_cart\\20240424_181105"/>
         <property name="logFiles" value="C:\\Users\\QH615NR\\OneDrive - EY\\Desktop\\Katalon Training\\Git\\KatalonGitProjectfolder\\KataloneGitProject\\Reports\\20240424_181105\\Swag_lab\\Add_to_cart\\20240424_181105\\execution0.log"/>
         <property name="attachments" value=""/>
         <property name="hostName" value="QH615NR - IN2410268W1.ey.net"/>
         <property name="os" value="Windows 10 64bit"/>
         <property name="katalonVersion" value="9.4.0.212"/>
         <property name="browser" value="Edge Chromium 124"/>
         <property name="hostAddress" value="192.168.1.4"/>
         <property name="sessionId" value="57d421c1ca26f9a1fb7795e64ff92f70"/>
         <property name="seleniumVersion" value="3.141.59"/>
         <property name="proxyInformation" value="ProxyInformation { proxyOption=NO_PROXY, proxyServerType=HTTP, username=, password=********, proxyServerAddress=, proxyServerPort=0, executionList=&quot;&quot;, isApplyToDesiredCapabilities=true }"/>
         <property name="platform" value="Windows 10"/>
      </properties>
      <testcase name="Test Cases/Swag_Lab/add_to_cart" time="27.653" classname="Test Cases/Swag_Lab/add_to_cart" status="PASSED">
         <system-out><![CDATA[24-04-2024T18:11:26 - [TEST_CASE][PASSED] - Test Cases/Swag_Lab/add_to_cart: Test Cases/Swag_Lab/add_to_cart

24-04-2024T18:11:27 - [TEST_STEP][PASSED] - openBrowser(""): Browser is opened with url: ''

24-04-2024T18:11:28 - [MESSAGE][INFO] - Starting 'Edge Chromium' driver

24-04-2024T18:11:31 - [MESSAGE][INFO] - Action delay is set to 0 milliseconds

24-04-2024T18:11:37 - [MESSAGE][PASSED] - Browser is opened with url: ''

24-04-2024T18:11:37 - [TEST_STEP][PASSED] - navigateToUrl("https://www.saucedemo.com/v1/index.html"): Navigate to 'https://www.saucedemo.com/v1/index.html' successfully

24-04-2024T18:11:40 - [MESSAGE][PASSED] - Navigate to 'https://www.saucedemo.com/v1/index.html' successfully

24-04-2024T18:11:40 - [TEST_STEP][PASSED] - click(findTestObject("Object Repository/Page_Swag Labs/input_standard_userlocked_out_userproblem_u_db77ac (1)")): Object: 'Object Repository/Page_Swag Labs/input_standard_userlocked_out_userproblem_u_db77ac (1)' is clicked on

24-04-2024T18:11:41 - [MESSAGE][PASSED] - Object: 'Object Repository/Page_Swag Labs/input_standard_userlocked_out_userproblem_u_db77ac (1)' is clicked on

24-04-2024T18:11:41 - [TEST_STEP][PASSED] - setText(findTestObject("Object Repository/Page_Swag Labs/input_standard_userlocked_out_userproblem_u_db77ac (1)"), "standard_user"): Text 'standard_user' is set on object 'Object Repository/Page_Swag Labs/input_standard_userlocked_out_userproblem_u_db77ac (1)'

24-04-2024T18:11:43 - [MESSAGE][PASSED] - Text 'standard_user' is set on object 'Object Repository/Page_Swag Labs/input_standard_userlocked_out_userproblem_u_db77ac (1)'

24-04-2024T18:11:43 - [TEST_STEP][PASSED] - setEncryptedText(findTestObject("Object Repository/Page_Swag Labs/input_standard_userlocked_out_userproblem_u_3423e9 (1)"), "qcu24s4901FyWDTwXGr6XA=="): Text ****** has been set on object 'Object Repository/Page_Swag Labs/input_standard_userlocked_out_userproblem_u_3423e9 (1)'

24-04-2024T18:11:44 - [MESSAGE][PASSED] - Text ****** has been set on object 'Object Repository/Page_Swag Labs/input_standard_userlocked_out_userproblem_u_3423e9 (1)'

24-04-2024T18:11:44 - [TEST_STEP][PASSED] - click(findTestObject("Object Repository/Page_Swag Labs/input_standard_userlocked_out_userproblem_u_0dff71 (1)")): Object: 'Object Repository/Page_Swag Labs/input_standard_userlocked_out_userproblem_u_0dff71 (1)' is clicked on

24-04-2024T18:11:46 - [MESSAGE][PASSED] - Object: 'Object Repository/Page_Swag Labs/input_standard_userlocked_out_userproblem_u_0dff71 (1)' is clicked on

24-04-2024T18:11:46 - [TEST_STEP][PASSED] - click(findTestObject("Object Repository/Page_Swag Labs/button_ADD TO CART (1)")): Object: 'Object Repository/Page_Swag Labs/button_ADD TO CART (1)' is clicked on

24-04-2024T18:11:47 - [MESSAGE][PASSED] - Object: 'Object Repository/Page_Swag Labs/button_ADD TO CART (1)' is clicked on

24-04-2024T18:11:47 - [TEST_STEP][PASSED] - click(findTestObject("Object Repository/Page_Swag Labs/button_ADD TO CART (1)")): Object: 'Object Repository/Page_Swag Labs/button_ADD TO CART (1)' is clicked on

24-04-2024T18:11:47 - [MESSAGE][PASSED] - Object: 'Object Repository/Page_Swag Labs/button_ADD TO CART (1)' is clicked on

24-04-2024T18:11:47 - [TEST_STEP][PASSED] - click(findTestObject("Object Repository/Page_Swag Labs/button_ADD TO CART (1)")): Object: 'Object Repository/Page_Swag Labs/button_ADD TO CART (1)' is clicked on

24-04-2024T18:11:48 - [MESSAGE][PASSED] - Object: 'Object Repository/Page_Swag Labs/button_ADD TO CART (1)' is clicked on

24-04-2024T18:11:48 - [TEST_STEP][PASSED] - click(findTestObject("Object Repository/Page_Swag Labs/button_ADD TO CART (1)")): Object: 'Object Repository/Page_Swag Labs/button_ADD TO CART (1)' is clicked on

24-04-2024T18:11:48 - [MESSAGE][PASSED] - Object: 'Object Repository/Page_Swag Labs/button_ADD TO CART (1)' is clicked on

24-04-2024T18:11:48 - [TEST_STEP][PASSED] - click(findTestObject("Object Repository/Page_Swag Labs/button_ADD TO CART (1)")): Object: 'Object Repository/Page_Swag Labs/button_ADD TO CART (1)' is clicked on

24-04-2024T18:11:49 - [MESSAGE][PASSED] - Object: 'Object Repository/Page_Swag Labs/button_ADD TO CART (1)' is clicked on

24-04-2024T18:11:49 - [TEST_STEP][PASSED] - click(findTestObject("Object Repository/Page_Swag Labs/button_ADD TO CART (1)")): Object: 'Object Repository/Page_Swag Labs/button_ADD TO CART (1)' is clicked on

24-04-2024T18:11:49 - [MESSAGE][PASSED] - Object: 'Object Repository/Page_Swag Labs/button_ADD TO CART (1)' is clicked on

24-04-2024T18:11:49 - [TEST_STEP][PASSED] - click(findTestObject("Object Repository/Page_Swag Labs/svg_Open Menu_svg-inline--fa fa-shopping-ca_f4ec0f")): Object: 'Object Repository/Page_Swag Labs/svg_Open Menu_svg-inline--fa fa-shopping-ca_f4ec0f' is clicked on

24-04-2024T18:11:50 - [MESSAGE][PASSED] - Object: 'Object Repository/Page_Swag Labs/svg_Open Menu_svg-inline--fa fa-shopping-ca_f4ec0f' is clicked on

24-04-2024T18:11:50 - [TEST_STEP][PASSED] - click(findTestObject("Object Repository/Page_Swag Labs/a_Continue Shopping")): Object: 'Object Repository/Page_Swag Labs/a_Continue Shopping' is clicked on

24-04-2024T18:11:51 - [MESSAGE][PASSED] - Object: 'Object Repository/Page_Swag Labs/a_Continue Shopping' is clicked on

24-04-2024T18:11:51 - [TEST_STEP][PASSED] - click(findTestObject("Object Repository/Page_Swag Labs/button_Open Menu (1)")): Object: 'Object Repository/Page_Swag Labs/button_Open Menu (1)' is clicked on

24-04-2024T18:11:51 - [MESSAGE][PASSED] - Object: 'Object Repository/Page_Swag Labs/button_Open Menu (1)' is clicked on

24-04-2024T18:11:51 - [TEST_STEP][PASSED] - click(findTestObject("Object Repository/Page_Swag Labs/a_Logout (1)")): Object: 'Object Repository/Page_Swag Labs/a_Logout (1)' is clicked on

24-04-2024T18:11:52 - [MESSAGE][PASSED] - Object: 'Object Repository/Page_Swag Labs/a_Logout (1)' is clicked on

24-04-2024T18:11:52 - [TEST_STEP][PASSED] - closeBrowser(): Browser is closed

24-04-2024T18:11:53 - [MESSAGE][PASSED] - Browser is closed]]></system-out>
         <system-err><![CDATA[]]></system-err>
      </testcase>
      <system-out><![CDATA[24-04-2024T18:11:25 - [TEST_SUITE][PASSED] - Add_to_cart: Test Cases/Swag_Lab/add_to_cart]]></system-out>
      <system-err><![CDATA[]]></system-err>
   </testsuite>
</testsuites>
