<?xml version="1.0" encoding="UTF-8"?>
<testsuites name="loginpetstore" time="88.165" tests="1" failures="0" errors="0">
   <testsuite name="loginpetstore" tests="1" failures="0" errors="0" time="88.165" skipped="0" timestamp="21-04-2024T15:55:23" hostname="QH615NR - IN2410268W1.ey.net" id="Test Suites/petstore/loginpetstore">
      <properties>
         <property name="deviceName" value=""/>
         <property name="devicePlatform" value=""/>
         <property name="logFolder" value="C:\\Users\\QH615NR\\OneDrive - EY\\Desktop\\Katalon Training\\Git\\KatalonGitProjectfolder\\KataloneGitProject\\Reports\\20240421_155454\\petstore\\loginpetstore\\20240421_155454"/>
         <property name="logFiles" value="C:\\Users\\QH615NR\\OneDrive - EY\\Desktop\\Katalon Training\\Git\\KatalonGitProjectfolder\\KataloneGitProject\\Reports\\20240421_155454\\petstore\\loginpetstore\\20240421_155454\\execution0.log"/>
         <property name="attachments" value=""/>
         <property name="hostName" value="QH615NR - IN2410268W1.ey.net"/>
         <property name="os" value="Windows 10 64bit"/>
         <property name="katalonVersion" value="9.4.0.212"/>
         <property name="browser" value="Edge Chromium 124"/>
         <property name="hostAddress" value="192.168.1.6"/>
         <property name="sessionId" value="dcc19dd232fc59890312d639a449e7d3"/>
         <property name="seleniumVersion" value="3.141.59"/>
         <property name="proxyInformation" value="ProxyInformation { proxyOption=NO_PROXY, proxyServerType=HTTP, username=, password=********, proxyServerAddress=, proxyServerPort=0, executionList=&quot;&quot;, isApplyToDesiredCapabilities=true }"/>
         <property name="platform" value="Windows 10"/>
      </properties>
      <testcase name="Test Cases/petstore/loginpetstore" time="87.597" classname="Test Cases/petstore/loginpetstore" status="PASSED">
         <system-out><![CDATA[21-04-2024T15:55:24 - [TEST_CASE][PASSED] - Test Cases/petstore/loginpetstore: Test Cases/petstore/loginpetstore

21-04-2024T15:55:25 - [TEST_STEP][PASSED] - openBrowser(""): Browser is opened with url: ''

21-04-2024T15:55:26 - [MESSAGE][INFO] - Starting 'Edge Chromium' driver

21-04-2024T15:55:32 - [MESSAGE][INFO] - Action delay is set to 0 milliseconds

21-04-2024T15:55:38 - [MESSAGE][PASSED] - Browser is opened with url: ''

21-04-2024T15:55:38 - [TEST_STEP][PASSED] - navigateToUrl("https://petstore.octoperf.com/actions/Catalog.action"): Navigate to 'https://petstore.octoperf.com/actions/Catalog.action' successfully

21-04-2024T15:55:40 - [MESSAGE][PASSED] - Navigate to 'https://petstore.octoperf.com/actions/Catalog.action' successfully

21-04-2024T15:55:40 - [TEST_STEP][PASSED] - click(findTestObject("Object Repository/Page_JPetStore Demo/a_Sign In")): Object: 'Object Repository/Page_JPetStore Demo/a_Sign In' is clicked on

21-04-2024T15:55:42 - [MESSAGE][PASSED] - Object: 'Object Repository/Page_JPetStore Demo/a_Sign In' is clicked on

21-04-2024T15:55:42 - [TEST_STEP][PASSED] - setText(findTestObject("Object Repository/Page_JPetStore Demo/input_Need a user name and password_username"), "Debahuti"): Text 'Debahuti' is set on object 'Object Repository/Page_JPetStore Demo/input_Need a user name and password_username'

21-04-2024T15:56:14 - [MESSAGE][INFO] - Unable to find the element located by 'By.xpath: //input[@id='stripes--1289334889']'. Please recheck the objects properties to make sure the desired element is located. 

21-04-2024T15:56:14 - [MESSAGE][WARNING] - [SELF-HEALING] Failed to find element with id 'Object Repository/Page_JPetStore Demo/input_Need a user name and password_username'. Try using Self-healing.

21-04-2024T15:56:14 - [MESSAGE][WARNING] - [SELF-HEALING] The current locator of test object 'Object Repository/Page_JPetStore Demo/input_Need a user name and password_username' was broken. Propose an alternative one: '//div[@id='Catalog']/form/p[2]/input'.

21-04-2024T15:56:46 - [MESSAGE][INFO] - Unable to find the element located by 'By.xpath: //input[@id='stripes--1289334889']'. Please recheck the objects properties to make sure the desired element is located. 

21-04-2024T15:56:46 - [MESSAGE][WARNING] - [SELF-HEALING] Failed to find element with id 'Object Repository/Page_JPetStore Demo/input_Need a user name and password_username'. Try using Self-healing.

21-04-2024T15:56:46 - [MESSAGE][WARNING] - [SELF-HEALING] The current locator of test object 'Object Repository/Page_JPetStore Demo/input_Need a user name and password_username' was broken. Propose an alternative one: '//div[@id='Catalog']/form/p[2]/input'.

21-04-2024T15:56:47 - [MESSAGE][PASSED] - Text 'Debahuti' is set on object 'Object Repository/Page_JPetStore Demo/input_Need a user name and password_username'

21-04-2024T15:56:47 - [TEST_STEP][PASSED] - setEncryptedText(findTestObject("Object Repository/Page_JPetStore Demo/input_Need a user name and password_password"), "gx5eF5RZOCViIDRmNDPMxg=="): Text ****** has been set on object 'Object Repository/Page_JPetStore Demo/input_Need a user name and password_password'

21-04-2024T15:56:48 - [MESSAGE][PASSED] - Text ****** has been set on object 'Object Repository/Page_JPetStore Demo/input_Need a user name and password_password'

21-04-2024T15:56:48 - [TEST_STEP][PASSED] - click(findTestObject("Object Repository/Page_JPetStore Demo/input_Need a user name and password_signon")): Object: 'Object Repository/Page_JPetStore Demo/input_Need a user name and password_signon' is clicked on

21-04-2024T15:56:49 - [MESSAGE][PASSED] - Object: 'Object Repository/Page_JPetStore Demo/input_Need a user name and password_signon' is clicked on

21-04-2024T15:56:49 - [TEST_STEP][PASSED] - click(findTestObject("Object Repository/Page_JPetStore Demo/a_Sign Out")): Object: 'Object Repository/Page_JPetStore Demo/a_Sign Out' is clicked on

21-04-2024T15:56:50 - [MESSAGE][PASSED] - Object: 'Object Repository/Page_JPetStore Demo/a_Sign Out' is clicked on

21-04-2024T15:56:50 - [TEST_STEP][PASSED] - closeBrowser(): Browser is closed

21-04-2024T15:56:52 - [MESSAGE][PASSED] - Browser is closed]]></system-out>
         <system-err><![CDATA[]]></system-err>
      </testcase>
      <system-out><![CDATA[21-04-2024T15:55:23 - [TEST_SUITE][PASSED] - loginpetstore: Test Cases/petstore/loginpetstore]]></system-out>
      <system-err><![CDATA[]]></system-err>
   </testsuite>
</testsuites>
