<?xml version="1.0" encoding="UTF-8"?>
<testsuites name="Visual_product_chose" time="54.638" tests="1" failures="0" errors="0">
   <testsuite name="Visual_product_chose" tests="1" failures="0" errors="0" time="54.638" skipped="0" timestamp="28-04-2024T12:20:33" hostname="QH615NR - host.docker.internal" id="Test Suites/Swag_lab/Visual_product_chose">
      <properties>
         <property name="deviceName" value=""/>
         <property name="devicePlatform" value=""/>
         <property name="logFolder" value="C:\\Users\\QH615NR\\OneDrive - EY\\Desktop\\Katalon Training\\Git\\KatalonGitProjectfolder\\KataloneGitProject\\Reports\\20240428_122006\\Swag_lab\\Visual_product_chose\\20240428_122006"/>
         <property name="logFiles" value="C:\\Users\\QH615NR\\OneDrive - EY\\Desktop\\Katalon Training\\Git\\KatalonGitProjectfolder\\KataloneGitProject\\Reports\\20240428_122006\\Swag_lab\\Visual_product_chose\\20240428_122006\\execution0.log"/>
         <property name="attachments" value="keyes\keyes-pic1.png"/>
         <property name="hostName" value="QH615NR - host.docker.internal"/>
         <property name="os" value="Windows 10 64bit"/>
         <property name="katalonVersion" value="9.4.0.212"/>
         <property name="browser" value="Edge Chromium 124"/>
         <property name="hostAddress" value="192.168.1.2"/>
         <property name="sessionId" value="8005af57e83c95093fa67707eaa59647"/>
         <property name="seleniumVersion" value="3.141.59"/>
         <property name="proxyInformation" value="ProxyInformation { proxyOption=NO_PROXY, proxyServerType=HTTP, username=, password=********, proxyServerAddress=, proxyServerPort=0, executionList=&quot;&quot;, isApplyToDesiredCapabilities=true }"/>
         <property name="platform" value="Windows 10"/>
      </properties>
      <testcase name="Test Cases/Swag_Lab/Product_chose" time="53.866" classname="Test Cases/Swag_Lab/Product_chose" status="PASSED">
         <system-out><![CDATA[28-04-2024T12:20:34 - [TEST_CASE][PASSED] - Test Cases/Swag_Lab/Product_chose: Test Cases/Swag_Lab/Product_chose

28-04-2024T12:20:35 - [TEST_STEP][PASSED] - openBrowser(""): Browser is opened with url: ''

28-04-2024T12:20:36 - [MESSAGE][INFO] - Starting 'Edge Chromium' driver

28-04-2024T12:20:39 - [MESSAGE][INFO] - Action delay is set to 0 milliseconds

28-04-2024T12:20:46 - [MESSAGE][PASSED] - Browser is opened with url: ''

28-04-2024T12:20:46 - [TEST_STEP][PASSED] - navigateToUrl("https://www.saucedemo.com/v1/index.html"): Navigate to 'https://www.saucedemo.com/v1/index.html' successfully

28-04-2024T12:20:50 - [MESSAGE][PASSED] - Navigate to 'https://www.saucedemo.com/v1/index.html' successfully

28-04-2024T12:20:50 - [TEST_STEP][PASSED] - click(findTestObject("Object Repository/Visual-Run/Page_Swag Labs/input_standard_userlocked_out_userproblem_u_db77ac")): Object: 'Object Repository/Visual-Run/Page_Swag Labs/input_standard_userlocked_out_userproblem_u_db77ac' is clicked on

28-04-2024T12:20:54 - [MESSAGE][PASSED] - Object: 'Object Repository/Visual-Run/Page_Swag Labs/input_standard_userlocked_out_userproblem_u_db77ac' is clicked on

28-04-2024T12:20:54 - [TEST_STEP][PASSED] - setText(findTestObject("Object Repository/Visual-Run/Page_Swag Labs/input_standard_userlocked_out_userproblem_u_db77ac"), "standard_user"): Text 'standard_user' is set on object 'Object Repository/Visual-Run/Page_Swag Labs/input_standard_userlocked_out_userproblem_u_db77ac'

28-04-2024T12:20:58 - [MESSAGE][PASSED] - Text 'standard_user' is set on object 'Object Repository/Visual-Run/Page_Swag Labs/input_standard_userlocked_out_userproblem_u_db77ac'

28-04-2024T12:20:58 - [TEST_STEP][PASSED] - setEncryptedText(findTestObject("Object Repository/Visual-Run/Page_Swag Labs/input_standard_userlocked_out_userproblem_u_3423e9"), "qcu24s4901FyWDTwXGr6XA=="): Text ****** has been set on object 'Object Repository/Visual-Run/Page_Swag Labs/input_standard_userlocked_out_userproblem_u_3423e9'

28-04-2024T12:21:00 - [MESSAGE][PASSED] - Text ****** has been set on object 'Object Repository/Visual-Run/Page_Swag Labs/input_standard_userlocked_out_userproblem_u_3423e9'

28-04-2024T12:21:00 - [TEST_STEP][PASSED] - click(findTestObject("Object Repository/Visual-Run/Page_Swag Labs/input_standard_userlocked_out_userproblem_u_0dff71")): Object: 'Object Repository/Visual-Run/Page_Swag Labs/input_standard_userlocked_out_userproblem_u_0dff71' is clicked on

28-04-2024T12:21:02 - [MESSAGE][PASSED] - Object: 'Object Repository/Visual-Run/Page_Swag Labs/input_standard_userlocked_out_userproblem_u_0dff71' is clicked on

28-04-2024T12:21:02 - [TEST_STEP][PASSED] - click(findTestObject("Object Repository/Visual-Run/Page_Swag Labs/img_Products_inventory_item_img")): Object: 'Object Repository/Visual-Run/Page_Swag Labs/img_Products_inventory_item_img' is clicked on

28-04-2024T12:21:04 - [MESSAGE][PASSED] - Object: 'Object Repository/Visual-Run/Page_Swag Labs/img_Products_inventory_item_img' is clicked on

28-04-2024T12:21:04 - [TEST_STEP][PASSED] - takeScreenshotAsCheckpoint("pic1"): Taking screenshot successfully

28-04-2024T12:21:07 - [MESSAGE][INFO] - 0 hidden object(s)

28-04-2024T12:21:08 - [MESSAGE][PASSED] - Taking screenshot successfully
[[ATTACHMENT|keyes\keyes-pic1.png]]

28-04-2024T12:21:08 - [TEST_STEP][PASSED] - click(findTestObject("Object Repository/Visual-Run/Page_Swag Labs/button_ADD TO CART")): Object: 'Object Repository/Visual-Run/Page_Swag Labs/button_ADD TO CART' is clicked on

28-04-2024T12:21:09 - [MESSAGE][PASSED] - Object: 'Object Repository/Visual-Run/Page_Swag Labs/button_ADD TO CART' is clicked on

28-04-2024T12:21:09 - [TEST_STEP][PASSED] - click(findTestObject("Object Repository/Visual-Run/Page_Swag Labs/path")): Object: 'Object Repository/Visual-Run/Page_Swag Labs/path' is clicked on

28-04-2024T12:21:10 - [MESSAGE][WARNING] - [SELF-HEALING] Failed to find element with id 'Object Repository/Visual-Run/Page_Swag Labs/path'. Try using Self-healing.

28-04-2024T12:21:12 - [MESSAGE][INFO] - [SELF-HEALING] No working XPath is found.

28-04-2024T12:21:13 - [MESSAGE][INFO] - [SELF-HEALING] Screenshot: C:/Users/QH615NR/OneDrive - EY/Desktop/Katalon Training/Git/KatalonGitProjectfolder/KataloneGitProject/Reports/Self-healing/Object Repository/Visual-Run/Page_Swag Labs/path_SMART_LOCATOR.png

28-04-2024T12:21:13 - [MESSAGE][WARNING] - [SELF-HEALING] The current locator of test object 'Object Repository/Visual-Run/Page_Swag Labs/path' was broken. Propose an alternative one: 'internal:role=link[name="1"i]'.

28-04-2024T12:21:14 - [MESSAGE][PASSED] - Object: 'Object Repository/Visual-Run/Page_Swag Labs/path' is clicked on

28-04-2024T12:21:14 - [TEST_STEP][PASSED] - click(findTestObject("Object Repository/Visual-Run/Page_Swag Labs/a_CHECKOUT")): Object: 'Object Repository/Visual-Run/Page_Swag Labs/a_CHECKOUT' is clicked on

28-04-2024T12:21:16 - [MESSAGE][PASSED] - Object: 'Object Repository/Visual-Run/Page_Swag Labs/a_CHECKOUT' is clicked on

28-04-2024T12:21:16 - [TEST_STEP][PASSED] - setText(findTestObject("Object Repository/Visual-Run/Page_Swag Labs/input_Checkout Your Information_first-name"), "D"): Text 'D' is set on object 'Object Repository/Visual-Run/Page_Swag Labs/input_Checkout Your Information_first-name'

28-04-2024T12:21:17 - [MESSAGE][PASSED] - Text 'D' is set on object 'Object Repository/Visual-Run/Page_Swag Labs/input_Checkout Your Information_first-name'

28-04-2024T12:21:17 - [TEST_STEP][PASSED] - setText(findTestObject("Object Repository/Visual-Run/Page_Swag Labs/input_Checkout Your Information_last-name"), "P"): Text 'P' is set on object 'Object Repository/Visual-Run/Page_Swag Labs/input_Checkout Your Information_last-name'

28-04-2024T12:21:19 - [MESSAGE][PASSED] - Text 'P' is set on object 'Object Repository/Visual-Run/Page_Swag Labs/input_Checkout Your Information_last-name'

28-04-2024T12:21:19 - [TEST_STEP][PASSED] - setText(findTestObject("Object Repository/Visual-Run/Page_Swag Labs/input_Checkout Your Information_postal-code"), "12345"): Text '12345' is set on object 'Object Repository/Visual-Run/Page_Swag Labs/input_Checkout Your Information_postal-code'

28-04-2024T12:21:20 - [MESSAGE][PASSED] - Text '12345' is set on object 'Object Repository/Visual-Run/Page_Swag Labs/input_Checkout Your Information_postal-code'

28-04-2024T12:21:20 - [TEST_STEP][PASSED] - click(findTestObject("Object Repository/Visual-Run/Page_Swag Labs/input_CANCEL_btn_primary cart_button")): Object: 'Object Repository/Visual-Run/Page_Swag Labs/input_CANCEL_btn_primary cart_button' is clicked on

28-04-2024T12:21:21 - [MESSAGE][PASSED] - Object: 'Object Repository/Visual-Run/Page_Swag Labs/input_CANCEL_btn_primary cart_button' is clicked on

28-04-2024T12:21:21 - [TEST_STEP][PASSED] - click(findTestObject("Object Repository/Visual-Run/Page_Swag Labs/button_Open Menu")): Object: 'Object Repository/Visual-Run/Page_Swag Labs/button_Open Menu' is clicked on

28-04-2024T12:21:22 - [MESSAGE][PASSED] - Object: 'Object Repository/Visual-Run/Page_Swag Labs/button_Open Menu' is clicked on

28-04-2024T12:21:22 - [TEST_STEP][PASSED] - click(findTestObject("Object Repository/Visual-Run/Page_Swag Labs/a_Logout")): Object: 'Object Repository/Visual-Run/Page_Swag Labs/a_Logout' is clicked on

28-04-2024T12:21:23 - [MESSAGE][PASSED] - Object: 'Object Repository/Visual-Run/Page_Swag Labs/a_Logout' is clicked on

28-04-2024T12:21:23 - [TEST_STEP][PASSED] - closeBrowser(): Browser is closed

28-04-2024T12:21:28 - [MESSAGE][PASSED] - Browser is closed]]></system-out>
         <system-err><![CDATA[]]></system-err>
      </testcase>
      <system-out><![CDATA[28-04-2024T12:20:33 - [TEST_SUITE][PASSED] - Visual_product_chose: Test Cases/Swag_Lab/Product_chose]]></system-out>
      <system-err><![CDATA[]]></system-err>
   </testsuite>
</testsuites>
