<?xml version="1.0" encoding="UTF-8"?>
<testsuites name="Remove_item" time="120.444" tests="1" failures="0" errors="0">
   <testsuite name="Remove_item" tests="1" failures="0" errors="0" time="120.444" skipped="0" timestamp="28-04-2024T11:41:37" hostname="QH615NR - host.docker.internal" id="Test Suites/Swag_lab/Remove_item">
      <properties>
         <property name="deviceName" value=""/>
         <property name="devicePlatform" value=""/>
         <property name="logFolder" value="C:\\Users\\QH615NR\\OneDrive - EY\\Desktop\\Katalon Training\\Git\\KatalonGitProjectfolder\\KataloneGitProject\\Reports\\20240428_114111\\Swag_lab\\Remove_item\\20240428_114111"/>
         <property name="logFiles" value="C:\\Users\\QH615NR\\OneDrive - EY\\Desktop\\Katalon Training\\Git\\KatalonGitProjectfolder\\KataloneGitProject\\Reports\\20240428_114111\\Swag_lab\\Remove_item\\20240428_114111\\execution0.log"/>
         <property name="attachments" value=""/>
         <property name="hostName" value="QH615NR - host.docker.internal"/>
         <property name="os" value="Windows 10 64bit"/>
         <property name="katalonVersion" value="9.4.0.212"/>
         <property name="browser" value="Edge Chromium 124"/>
         <property name="hostAddress" value="192.168.1.2"/>
         <property name="sessionId" value="aee66a8913b2052f975c421ac1a2611b"/>
         <property name="seleniumVersion" value="3.141.59"/>
         <property name="proxyInformation" value="ProxyInformation { proxyOption=NO_PROXY, proxyServerType=HTTP, username=, password=********, proxyServerAddress=, proxyServerPort=0, executionList=&quot;&quot;, isApplyToDesiredCapabilities=true }"/>
         <property name="platform" value="Windows 10"/>
      </properties>
      <testcase name="Test Cases/Swag_Lab/Remove_item" time="119.04" classname="Test Cases/Swag_Lab/Remove_item" status="PASSED">
         <system-out><![CDATA[28-04-2024T11:41:38 - [TEST_CASE][PASSED] - Test Cases/Swag_Lab/Remove_item: Test Cases/Swag_Lab/Remove_item

28-04-2024T11:41:42 - [TEST_STEP][PASSED] - openBrowser(""): Browser is opened with url: ''

28-04-2024T11:41:45 - [MESSAGE][INFO] - Starting 'Edge Chromium' driver

28-04-2024T11:42:02 - [MESSAGE][INFO] - Action delay is set to 0 milliseconds

28-04-2024T11:42:25 - [MESSAGE][PASSED] - Browser is opened with url: ''

28-04-2024T11:42:25 - [TEST_STEP][PASSED] - navigateToUrl("https://www.saucedemo.com/v1/index.html"): Navigate to 'https://www.saucedemo.com/v1/index.html' successfully

28-04-2024T11:42:32 - [MESSAGE][PASSED] - Navigate to 'https://www.saucedemo.com/v1/index.html' successfully

28-04-2024T11:42:32 - [TEST_STEP][PASSED] - click(findTestObject("Object Repository/Page_Swag Labs/input_standard_userlocked_out_userproblem_u_db77ac (2)")): Object: 'Object Repository/Page_Swag Labs/input_standard_userlocked_out_userproblem_u_db77ac (2)' is clicked on

28-04-2024T11:42:40 - [MESSAGE][PASSED] - Object: 'Object Repository/Page_Swag Labs/input_standard_userlocked_out_userproblem_u_db77ac (2)' is clicked on

28-04-2024T11:42:40 - [TEST_STEP][PASSED] - setText(findTestObject("Object Repository/Page_Swag Labs/input_standard_userlocked_out_userproblem_u_db77ac (2)"), "standard_user"): Text 'standard_user' is set on object 'Object Repository/Page_Swag Labs/input_standard_userlocked_out_userproblem_u_db77ac (2)'

28-04-2024T11:42:46 - [MESSAGE][PASSED] - Text 'standard_user' is set on object 'Object Repository/Page_Swag Labs/input_standard_userlocked_out_userproblem_u_db77ac (2)'

28-04-2024T11:42:46 - [TEST_STEP][PASSED] - setEncryptedText(findTestObject("Object Repository/Page_Swag Labs/input_standard_userlocked_out_userproblem_u_3423e9 (2)"), "qcu24s4901FyWDTwXGr6XA=="): Text ****** has been set on object 'Object Repository/Page_Swag Labs/input_standard_userlocked_out_userproblem_u_3423e9 (2)'

28-04-2024T11:42:51 - [MESSAGE][PASSED] - Text ****** has been set on object 'Object Repository/Page_Swag Labs/input_standard_userlocked_out_userproblem_u_3423e9 (2)'

28-04-2024T11:42:51 - [TEST_STEP][PASSED] - click(findTestObject("Object Repository/Page_Swag Labs/input_standard_userlocked_out_userproblem_u_0dff71 (2)")): Object: 'Object Repository/Page_Swag Labs/input_standard_userlocked_out_userproblem_u_0dff71 (2)' is clicked on

28-04-2024T11:42:54 - [MESSAGE][PASSED] - Object: 'Object Repository/Page_Swag Labs/input_standard_userlocked_out_userproblem_u_0dff71 (2)' is clicked on

28-04-2024T11:42:54 - [TEST_STEP][PASSED] - click(findTestObject("Object Repository/Page_Swag Labs/button_ADD TO CART (2)")): Object: 'Object Repository/Page_Swag Labs/button_ADD TO CART (2)' is clicked on

28-04-2024T11:42:56 - [MESSAGE][PASSED] - Object: 'Object Repository/Page_Swag Labs/button_ADD TO CART (2)' is clicked on

28-04-2024T11:42:56 - [TEST_STEP][PASSED] - click(findTestObject("Object Repository/Page_Swag Labs/button_ADD TO CART (2)")): Object: 'Object Repository/Page_Swag Labs/button_ADD TO CART (2)' is clicked on

28-04-2024T11:42:57 - [MESSAGE][PASSED] - Object: 'Object Repository/Page_Swag Labs/button_ADD TO CART (2)' is clicked on

28-04-2024T11:42:57 - [TEST_STEP][PASSED] - click(findTestObject("Object Repository/Page_Swag Labs/button_ADD TO CART (2)")): Object: 'Object Repository/Page_Swag Labs/button_ADD TO CART (2)' is clicked on

28-04-2024T11:42:58 - [MESSAGE][PASSED] - Object: 'Object Repository/Page_Swag Labs/button_ADD TO CART (2)' is clicked on

28-04-2024T11:42:58 - [TEST_STEP][PASSED] - click(findTestObject("Object Repository/Page_Swag Labs/button_ADD TO CART (2)")): Object: 'Object Repository/Page_Swag Labs/button_ADD TO CART (2)' is clicked on

28-04-2024T11:43:00 - [MESSAGE][PASSED] - Object: 'Object Repository/Page_Swag Labs/button_ADD TO CART (2)' is clicked on

28-04-2024T11:43:00 - [TEST_STEP][PASSED] - click(findTestObject("Object Repository/Page_Swag Labs/button_ADD TO CART (2)")): Object: 'Object Repository/Page_Swag Labs/button_ADD TO CART (2)' is clicked on

28-04-2024T11:43:01 - [MESSAGE][PASSED] - Object: 'Object Repository/Page_Swag Labs/button_ADD TO CART (2)' is clicked on

28-04-2024T11:43:01 - [TEST_STEP][PASSED] - click(findTestObject("Object Repository/Page_Swag Labs/button_ADD TO CART (2)")): Object: 'Object Repository/Page_Swag Labs/button_ADD TO CART (2)' is clicked on

28-04-2024T11:43:02 - [MESSAGE][PASSED] - Object: 'Object Repository/Page_Swag Labs/button_ADD TO CART (2)' is clicked on

28-04-2024T11:43:02 - [TEST_STEP][PASSED] - click(findTestObject("Object Repository/Page_Swag Labs/path (1)")): Object: 'Object Repository/Page_Swag Labs/path (1)' is clicked on

28-04-2024T11:43:03 - [MESSAGE][WARNING] - [SELF-HEALING] Failed to find element with id 'Object Repository/Page_Swag Labs/path (1)'. Try using Self-healing.

28-04-2024T11:43:04 - [MESSAGE][WARNING] - [SELF-HEALING] The current locator of test object 'Object Repository/Page_Swag Labs/path (1)' was broken. Propose an alternative one: 'path'.

28-04-2024T11:43:05 - [MESSAGE][PASSED] - Object: 'Object Repository/Page_Swag Labs/path (1)' is clicked on

28-04-2024T11:43:05 - [TEST_STEP][PASSED] - click(findTestObject("Object Repository/Page_Swag Labs/a_Continue Shopping (1)")): Object: 'Object Repository/Page_Swag Labs/a_Continue Shopping (1)' is clicked on

28-04-2024T11:43:07 - [MESSAGE][PASSED] - Object: 'Object Repository/Page_Swag Labs/a_Continue Shopping (1)' is clicked on

28-04-2024T11:43:07 - [TEST_STEP][PASSED] - click(findTestObject("Object Repository/Page_Swag Labs/path (1)")): Object: 'Object Repository/Page_Swag Labs/path (1)' is clicked on

28-04-2024T11:43:08 - [MESSAGE][WARNING] - [SELF-HEALING] Failed to find element with id 'Object Repository/Page_Swag Labs/path (1)'. Try using Self-healing.

28-04-2024T11:43:08 - [MESSAGE][WARNING] - [SELF-HEALING] The current locator of test object 'Object Repository/Page_Swag Labs/path (1)' was broken. Propose an alternative one: 'path'.

28-04-2024T11:43:09 - [MESSAGE][PASSED] - Object: 'Object Repository/Page_Swag Labs/path (1)' is clicked on

28-04-2024T11:43:09 - [TEST_STEP][PASSED] - click(findTestObject("Object Repository/Page_Swag Labs/a_CHECKOUT (1)")): Object: 'Object Repository/Page_Swag Labs/a_CHECKOUT (1)' is clicked on

28-04-2024T11:43:11 - [MESSAGE][PASSED] - Object: 'Object Repository/Page_Swag Labs/a_CHECKOUT (1)' is clicked on

28-04-2024T11:43:11 - [TEST_STEP][PASSED] - setText(findTestObject("Object Repository/Page_Swag Labs/input_Checkout Your Information_first-name (1)"), "d"): Text 'd' is set on object 'Object Repository/Page_Swag Labs/input_Checkout Your Information_first-name (1)'

28-04-2024T11:43:14 - [MESSAGE][PASSED] - Text 'd' is set on object 'Object Repository/Page_Swag Labs/input_Checkout Your Information_first-name (1)'

28-04-2024T11:43:14 - [TEST_STEP][PASSED] - setText(findTestObject("Object Repository/Page_Swag Labs/input_Checkout Your Information_last-name (1)"), "p"): Text 'p' is set on object 'Object Repository/Page_Swag Labs/input_Checkout Your Information_last-name (1)'

28-04-2024T11:43:20 - [MESSAGE][PASSED] - Text 'p' is set on object 'Object Repository/Page_Swag Labs/input_Checkout Your Information_last-name (1)'

28-04-2024T11:43:20 - [TEST_STEP][PASSED] - setText(findTestObject("Object Repository/Page_Swag Labs/input_Checkout Your Information_postal-code (1)"), "123456"): Text '123456' is set on object 'Object Repository/Page_Swag Labs/input_Checkout Your Information_postal-code (1)'

28-04-2024T11:43:24 - [MESSAGE][PASSED] - Text '123456' is set on object 'Object Repository/Page_Swag Labs/input_Checkout Your Information_postal-code (1)'

28-04-2024T11:43:24 - [TEST_STEP][PASSED] - click(findTestObject("Object Repository/Page_Swag Labs/input_CANCEL_btn_primary cart_button (1)")): Object: 'Object Repository/Page_Swag Labs/input_CANCEL_btn_primary cart_button (1)' is clicked on

28-04-2024T11:43:26 - [MESSAGE][PASSED] - Object: 'Object Repository/Page_Swag Labs/input_CANCEL_btn_primary cart_button (1)' is clicked on

28-04-2024T11:43:26 - [TEST_STEP][PASSED] - click(findTestObject("Object Repository/Page_Swag Labs/a_FINISH (1)")): Object: 'Object Repository/Page_Swag Labs/a_FINISH (1)' is clicked on

28-04-2024T11:43:28 - [MESSAGE][PASSED] - Object: 'Object Repository/Page_Swag Labs/a_FINISH (1)' is clicked on

28-04-2024T11:43:28 - [TEST_STEP][PASSED] - verifyElementText(findTestObject("Object Repository/Page_Swag Labs/h2_THANK YOU FOR YOUR ORDER (1)"), "THANK YOU FOR YOUR ORDER"): Actual text and expected text of test object 'Object Repository/Page_Swag Labs/h2_THANK YOU FOR YOUR ORDER (1)' are matched.

28-04-2024T11:43:29 - [MESSAGE][PASSED] - Actual text and expected text of test object 'Object Repository/Page_Swag Labs/h2_THANK YOU FOR YOUR ORDER (1)' are matched.

28-04-2024T11:43:29 - [TEST_STEP][PASSED] - click(findTestObject("Object Repository/Page_Swag Labs/button_Open Menu (2)")): Object: 'Object Repository/Page_Swag Labs/button_Open Menu (2)' is clicked on

28-04-2024T11:43:31 - [MESSAGE][PASSED] - Object: 'Object Repository/Page_Swag Labs/button_Open Menu (2)' is clicked on

28-04-2024T11:43:31 - [TEST_STEP][PASSED] - click(findTestObject("Object Repository/Page_Swag Labs/a_Logout (2)")): Object: 'Object Repository/Page_Swag Labs/a_Logout (2)' is clicked on

28-04-2024T11:43:32 - [MESSAGE][PASSED] - Object: 'Object Repository/Page_Swag Labs/a_Logout (2)' is clicked on

28-04-2024T11:43:32 - [TEST_STEP][PASSED] - closeBrowser(): Browser is closed

28-04-2024T11:43:37 - [MESSAGE][PASSED] - Browser is closed]]></system-out>
         <system-err><![CDATA[]]></system-err>
      </testcase>
      <system-out><![CDATA[28-04-2024T11:41:37 - [TEST_SUITE][PASSED] - Remove_item: Test Cases/Swag_Lab/Remove_item]]></system-out>
      <system-err><![CDATA[]]></system-err>
   </testsuite>
</testsuites>
