<?xml version="1.0" encoding="UTF-8"?>
<testsuites name="Entry_point" time="46.754" tests="1" failures="0" errors="0">
   <testsuite name="Entry_point" tests="1" failures="0" errors="0" time="46.754" skipped="0" timestamp="28-04-2024T14:06:51" hostname="QH615NR - host.docker.internal" id="Test Suites/Swag_lab/Entry_point">
      <properties>
         <property name="deviceName" value=""/>
         <property name="devicePlatform" value=""/>
         <property name="logFolder" value="C:\\Users\\QH615NR\\OneDrive - EY\\Desktop\\Katalon Training\\Git\\KatalonGitProjectfolder\\KataloneGitProject\\Reports\\20240428_140632\\Swag_lab\\Entry_point\\20240428_140632"/>
         <property name="logFiles" value="C:\\Users\\QH615NR\\OneDrive - EY\\Desktop\\Katalon Training\\Git\\KatalonGitProjectfolder\\KataloneGitProject\\Reports\\20240428_140632\\Swag_lab\\Entry_point\\20240428_140632\\execution0.log"/>
         <property name="attachments" value="keyes\keyes-pic2.png"/>
         <property name="hostName" value="QH615NR - host.docker.internal"/>
         <property name="os" value="Windows 10 64bit"/>
         <property name="katalonVersion" value="9.4.0.212"/>
         <property name="browser" value="Edge Chromium 124"/>
         <property name="hostAddress" value="192.168.1.2"/>
         <property name="sessionId" value="23723d6765045762c33cf8d572f9fdc3"/>
         <property name="seleniumVersion" value="3.141.59"/>
         <property name="proxyInformation" value="ProxyInformation { proxyOption=NO_PROXY, proxyServerType=HTTP, username=, password=********, proxyServerAddress=, proxyServerPort=0, executionList=&quot;&quot;, isApplyToDesiredCapabilities=true }"/>
         <property name="platform" value="Windows 10"/>
      </properties>
      <testcase name="Test Cases/Swag_Lab/Entry_point" time="45.919" classname="Test Cases/Swag_Lab/Entry_point" status="PASSED">
         <system-out><![CDATA[28-04-2024T14:06:51 - [TEST_CASE][PASSED] - Test Cases/Swag_Lab/Entry_point: Test Cases/Swag_Lab/Entry_point

28-04-2024T14:06:53 - [TEST_STEP][PASSED] - openBrowser(""): Browser is opened with url: ''

28-04-2024T14:06:54 - [MESSAGE][INFO] - Starting 'Edge Chromium' driver

28-04-2024T14:06:59 - [MESSAGE][INFO] - Action delay is set to 0 milliseconds

28-04-2024T14:07:16 - [MESSAGE][PASSED] - Browser is opened with url: ''

28-04-2024T14:07:16 - [TEST_STEP][PASSED] - navigateToUrl("https://www.saucedemo.com/v1/index.html"): Navigate to 'https://www.saucedemo.com/v1/index.html' successfully

28-04-2024T14:07:22 - [MESSAGE][PASSED] - Navigate to 'https://www.saucedemo.com/v1/index.html' successfully

28-04-2024T14:07:22 - [TEST_STEP][PASSED] - click(findTestObject("Object Repository/Entry_point/Page_Swag Labs/input_standard_userlocked_out_userproblem_u_db77ac")): Object: 'Object Repository/Entry_point/Page_Swag Labs/input_standard_userlocked_out_userproblem_u_db77ac' is clicked on

28-04-2024T14:07:27 - [MESSAGE][PASSED] - Object: 'Object Repository/Entry_point/Page_Swag Labs/input_standard_userlocked_out_userproblem_u_db77ac' is clicked on

28-04-2024T14:07:27 - [TEST_STEP][PASSED] - setText(findTestObject("Object Repository/Entry_point/Page_Swag Labs/input_standard_userlocked_out_userproblem_u_db77ac"), "standard_user"): Text 'standard_user' is set on object 'Object Repository/Entry_point/Page_Swag Labs/input_standard_userlocked_out_userproblem_u_db77ac'

28-04-2024T14:07:29 - [MESSAGE][PASSED] - Text 'standard_user' is set on object 'Object Repository/Entry_point/Page_Swag Labs/input_standard_userlocked_out_userproblem_u_db77ac'

28-04-2024T14:07:29 - [TEST_STEP][PASSED] - setEncryptedText(findTestObject("Object Repository/Entry_point/Page_Swag Labs/input_standard_userlocked_out_userproblem_u_3423e9"), "qcu24s4901FyWDTwXGr6XA=="): Text ****** has been set on object 'Object Repository/Entry_point/Page_Swag Labs/input_standard_userlocked_out_userproblem_u_3423e9'

28-04-2024T14:07:31 - [MESSAGE][PASSED] - Text ****** has been set on object 'Object Repository/Entry_point/Page_Swag Labs/input_standard_userlocked_out_userproblem_u_3423e9'

28-04-2024T14:07:31 - [TEST_STEP][PASSED] - click(findTestObject("Object Repository/Entry_point/Page_Swag Labs/img_standard_userlocked_out_userproblem_use_5284cf")): Object: 'Object Repository/Entry_point/Page_Swag Labs/img_standard_userlocked_out_userproblem_use_5284cf' is clicked on

28-04-2024T14:07:32 - [MESSAGE][PASSED] - Object: 'Object Repository/Entry_point/Page_Swag Labs/img_standard_userlocked_out_userproblem_use_5284cf' is clicked on

28-04-2024T14:07:32 - [TEST_STEP][PASSED] - takeScreenshotAsCheckpoint("pic2"): Taking screenshot successfully

28-04-2024T14:07:34 - [MESSAGE][INFO] - 0 hidden object(s)

28-04-2024T14:07:34 - [MESSAGE][PASSED] - Taking screenshot successfully
[[ATTACHMENT|keyes\keyes-pic2.png]]

28-04-2024T14:07:34 - [TEST_STEP][PASSED] - closeBrowser(): Browser is closed

28-04-2024T14:07:37 - [MESSAGE][PASSED] - Browser is closed]]></system-out>
         <system-err><![CDATA[]]></system-err>
      </testcase>
      <system-out><![CDATA[28-04-2024T14:06:51 - [TEST_SUITE][PASSED] - Entry_point: Test Cases/Swag_Lab/Entry_point]]></system-out>
      <system-err><![CDATA[]]></system-err>
   </testsuite>
</testsuites>
