<?xml version="1.0" encoding="UTF-8"?>
<testsuites name="Add_remove" time="60.239" tests="1" failures="0" errors="0">
   <testsuite name="Add_remove" tests="1" failures="0" errors="0" time="60.239" skipped="0" timestamp="21-04-2024T15:26:27" hostname="QH615NR - IN2410268W1.ey.net" id="Test Suites/Swag_lab/Add_remove">
      <properties>
         <property name="deviceName" value=""/>
         <property name="devicePlatform" value=""/>
         <property name="logFolder" value="C:\\Users\\QH615NR\\OneDrive - EY\\Desktop\\Katalon Training\\Git\\KatalonGitProjectfolder\\KataloneGitProject\\Reports\\20240421_152600\\Swag_lab\\Add_remove\\20240421_152600"/>
         <property name="logFiles" value="C:\\Users\\QH615NR\\OneDrive - EY\\Desktop\\Katalon Training\\Git\\KatalonGitProjectfolder\\KataloneGitProject\\Reports\\20240421_152600\\Swag_lab\\Add_remove\\20240421_152600\\execution0.log"/>
         <property name="attachments" value=""/>
         <property name="hostName" value="QH615NR - IN2410268W1.ey.net"/>
         <property name="os" value="Windows 10 64bit"/>
         <property name="katalonVersion" value="9.4.0.212"/>
         <property name="browser" value="Edge Chromium 124"/>
         <property name="hostAddress" value="192.168.1.6"/>
         <property name="sessionId" value="e63884996eac65ba7d32853a18ff29bb"/>
         <property name="seleniumVersion" value="3.141.59"/>
         <property name="proxyInformation" value="ProxyInformation { proxyOption=NO_PROXY, proxyServerType=HTTP, username=, password=********, proxyServerAddress=, proxyServerPort=0, executionList=&quot;&quot;, isApplyToDesiredCapabilities=true }"/>
         <property name="platform" value="Windows 10"/>
      </properties>
      <testcase name="Test Cases/Swag_Lab/Add_remove" time="58.393" classname="Test Cases/Swag_Lab/Add_remove" status="PASSED">
         <system-out><![CDATA[21-04-2024T15:26:29 - [TEST_CASE][PASSED] - Test Cases/Swag_Lab/Add_remove: Test Cases/Swag_Lab/Add_remove

21-04-2024T15:26:32 - [TEST_STEP][PASSED] - openBrowser(""): Browser is opened with url: ''

21-04-2024T15:26:34 - [MESSAGE][INFO] - Starting 'Edge Chromium' driver

21-04-2024T15:26:40 - [MESSAGE][INFO] - Action delay is set to 0 milliseconds

21-04-2024T15:26:53 - [MESSAGE][PASSED] - Browser is opened with url: ''

21-04-2024T15:26:53 - [TEST_STEP][PASSED] - navigateToUrl("https://www.saucedemo.com/v1/index.html"): Navigate to 'https://www.saucedemo.com/v1/index.html' successfully

21-04-2024T15:26:57 - [MESSAGE][PASSED] - Navigate to 'https://www.saucedemo.com/v1/index.html' successfully

21-04-2024T15:26:57 - [TEST_STEP][PASSED] - setText(findTestObject("Object Repository/Page_Swag Labs/input_standard_userlocked_out_userproblem_u_db77ac"), "standard_user"): Text 'standard_user' is set on object 'Object Repository/Page_Swag Labs/input_standard_userlocked_out_userproblem_u_db77ac'

21-04-2024T15:27:01 - [MESSAGE][PASSED] - Text 'standard_user' is set on object 'Object Repository/Page_Swag Labs/input_standard_userlocked_out_userproblem_u_db77ac'

21-04-2024T15:27:01 - [TEST_STEP][PASSED] - setEncryptedText(findTestObject("Object Repository/Page_Swag Labs/input_standard_userlocked_out_userproblem_u_3423e9"), "qcu24s4901FyWDTwXGr6XA=="): Text ****** has been set on object 'Object Repository/Page_Swag Labs/input_standard_userlocked_out_userproblem_u_3423e9'

21-04-2024T15:27:03 - [MESSAGE][PASSED] - Text ****** has been set on object 'Object Repository/Page_Swag Labs/input_standard_userlocked_out_userproblem_u_3423e9'

21-04-2024T15:27:03 - [TEST_STEP][PASSED] - click(findTestObject("Object Repository/Page_Swag Labs/input_standard_userlocked_out_userproblem_u_0dff71")): Object: 'Object Repository/Page_Swag Labs/input_standard_userlocked_out_userproblem_u_0dff71' is clicked on

21-04-2024T15:27:07 - [MESSAGE][PASSED] - Object: 'Object Repository/Page_Swag Labs/input_standard_userlocked_out_userproblem_u_0dff71' is clicked on

21-04-2024T15:27:07 - [TEST_STEP][PASSED] - click(findTestObject("Object Repository/Page_Swag Labs/button_ADD TO CART")): Object: 'Object Repository/Page_Swag Labs/button_ADD TO CART' is clicked on

21-04-2024T15:27:09 - [MESSAGE][PASSED] - Object: 'Object Repository/Page_Swag Labs/button_ADD TO CART' is clicked on

21-04-2024T15:27:09 - [TEST_STEP][PASSED] - click(findTestObject("Object Repository/Page_Swag Labs/button_ADD TO CART")): Object: 'Object Repository/Page_Swag Labs/button_ADD TO CART' is clicked on

21-04-2024T15:27:10 - [MESSAGE][PASSED] - Object: 'Object Repository/Page_Swag Labs/button_ADD TO CART' is clicked on

21-04-2024T15:27:10 - [TEST_STEP][PASSED] - click(findTestObject("Object Repository/Page_Swag Labs/path")): Object: 'Object Repository/Page_Swag Labs/path' is clicked on

21-04-2024T15:27:11 - [MESSAGE][WARNING] - [SELF-HEALING] Failed to find element with id 'Object Repository/Page_Swag Labs/path'. Try using Self-healing.

21-04-2024T15:27:12 - [MESSAGE][WARNING] - [SELF-HEALING] The current locator of test object 'Object Repository/Page_Swag Labs/path' was broken. Propose an alternative one: 'path'.

21-04-2024T15:27:12 - [MESSAGE][PASSED] - Object: 'Object Repository/Page_Swag Labs/path' is clicked on

21-04-2024T15:27:12 - [TEST_STEP][PASSED] - click(findTestObject("Object Repository/Page_Swag Labs/a_CHECKOUT")): Object: 'Object Repository/Page_Swag Labs/a_CHECKOUT' is clicked on

21-04-2024T15:27:13 - [MESSAGE][PASSED] - Object: 'Object Repository/Page_Swag Labs/a_CHECKOUT' is clicked on

21-04-2024T15:27:13 - [TEST_STEP][PASSED] - setText(findTestObject("Object Repository/Page_Swag Labs/input_Checkout Your Information_first-name"), "d"): Text 'd' is set on object 'Object Repository/Page_Swag Labs/input_Checkout Your Information_first-name'

21-04-2024T15:27:15 - [MESSAGE][PASSED] - Text 'd' is set on object 'Object Repository/Page_Swag Labs/input_Checkout Your Information_first-name'

21-04-2024T15:27:15 - [TEST_STEP][PASSED] - setText(findTestObject("Object Repository/Page_Swag Labs/input_Checkout Your Information_last-name"), "p"): Text 'p' is set on object 'Object Repository/Page_Swag Labs/input_Checkout Your Information_last-name'

21-04-2024T15:27:16 - [MESSAGE][PASSED] - Text 'p' is set on object 'Object Repository/Page_Swag Labs/input_Checkout Your Information_last-name'

21-04-2024T15:27:16 - [TEST_STEP][PASSED] - setText(findTestObject("Object Repository/Page_Swag Labs/input_Checkout Your Information_postal-code"), "3344231"): Text '3344231' is set on object 'Object Repository/Page_Swag Labs/input_Checkout Your Information_postal-code'

21-04-2024T15:27:17 - [MESSAGE][PASSED] - Text '3344231' is set on object 'Object Repository/Page_Swag Labs/input_Checkout Your Information_postal-code'

21-04-2024T15:27:17 - [TEST_STEP][PASSED] - click(findTestObject("Object Repository/Page_Swag Labs/input_CANCEL_btn_primary cart_button")): Object: 'Object Repository/Page_Swag Labs/input_CANCEL_btn_primary cart_button' is clicked on

21-04-2024T15:27:18 - [MESSAGE][PASSED] - Object: 'Object Repository/Page_Swag Labs/input_CANCEL_btn_primary cart_button' is clicked on

21-04-2024T15:27:18 - [TEST_STEP][PASSED] - click(findTestObject("Object Repository/Page_Swag Labs/a_FINISH")): Object: 'Object Repository/Page_Swag Labs/a_FINISH' is clicked on

21-04-2024T15:27:19 - [MESSAGE][PASSED] - Object: 'Object Repository/Page_Swag Labs/a_FINISH' is clicked on

21-04-2024T15:27:19 - [TEST_STEP][PASSED] - rightClick(findTestObject("Object Repository/Page_Swag Labs/h2_THANK YOU FOR YOUR ORDER")): Object: 'Object Repository/Page_Swag Labs/h2_THANK YOU FOR YOUR ORDER' is right clicked on

21-04-2024T15:27:20 - [MESSAGE][PASSED] - Object: 'Object Repository/Page_Swag Labs/h2_THANK YOU FOR YOUR ORDER' is right clicked on

21-04-2024T15:27:20 - [TEST_STEP][PASSED] - rightClick(findTestObject("Object Repository/Page_Swag Labs/h2_THANK YOU FOR YOUR ORDER")): Object: 'Object Repository/Page_Swag Labs/h2_THANK YOU FOR YOUR ORDER' is right clicked on

21-04-2024T15:27:21 - [MESSAGE][PASSED] - Object: 'Object Repository/Page_Swag Labs/h2_THANK YOU FOR YOUR ORDER' is right clicked on

21-04-2024T15:27:21 - [TEST_STEP][PASSED] - rightClick(findTestObject("Object Repository/Page_Swag Labs/h2_THANK YOU FOR YOUR ORDER")): Object: 'Object Repository/Page_Swag Labs/h2_THANK YOU FOR YOUR ORDER' is right clicked on

21-04-2024T15:27:22 - [MESSAGE][PASSED] - Object: 'Object Repository/Page_Swag Labs/h2_THANK YOU FOR YOUR ORDER' is right clicked on

21-04-2024T15:27:22 - [TEST_STEP][PASSED] - rightClick(findTestObject("Object Repository/Page_Swag Labs/h2_THANK YOU FOR YOUR ORDER")): Object: 'Object Repository/Page_Swag Labs/h2_THANK YOU FOR YOUR ORDER' is right clicked on

21-04-2024T15:27:22 - [MESSAGE][PASSED] - Object: 'Object Repository/Page_Swag Labs/h2_THANK YOU FOR YOUR ORDER' is right clicked on

21-04-2024T15:27:22 - [TEST_STEP][PASSED] - rightClick(findTestObject("Object Repository/Page_Swag Labs/h2_THANK YOU FOR YOUR ORDER")): Object: 'Object Repository/Page_Swag Labs/h2_THANK YOU FOR YOUR ORDER' is right clicked on

21-04-2024T15:27:23 - [MESSAGE][PASSED] - Object: 'Object Repository/Page_Swag Labs/h2_THANK YOU FOR YOUR ORDER' is right clicked on

21-04-2024T15:27:23 - [TEST_STEP][PASSED] - rightClick(findTestObject("Object Repository/Page_Swag Labs/h2_THANK YOU FOR YOUR ORDER")): Object: 'Object Repository/Page_Swag Labs/h2_THANK YOU FOR YOUR ORDER' is right clicked on

21-04-2024T15:27:24 - [MESSAGE][PASSED] - Object: 'Object Repository/Page_Swag Labs/h2_THANK YOU FOR YOUR ORDER' is right clicked on

21-04-2024T15:27:24 - [TEST_STEP][PASSED] - rightClick(findTestObject("Object Repository/Page_Swag Labs/h2_THANK YOU FOR YOUR ORDER")): Object: 'Object Repository/Page_Swag Labs/h2_THANK YOU FOR YOUR ORDER' is right clicked on

21-04-2024T15:27:25 - [MESSAGE][PASSED] - Object: 'Object Repository/Page_Swag Labs/h2_THANK YOU FOR YOUR ORDER' is right clicked on

21-04-2024T15:27:25 - [TEST_STEP][PASSED] - rightClick(findTestObject("Object Repository/Page_Swag Labs/div_Your order has been dispatched, and wil_5880e8")): Object: 'Object Repository/Page_Swag Labs/div_Your order has been dispatched, and wil_5880e8' is right clicked on

21-04-2024T15:27:26 - [MESSAGE][PASSED] - Object: 'Object Repository/Page_Swag Labs/div_Your order has been dispatched, and wil_5880e8' is right clicked on

21-04-2024T15:27:26 - [TEST_STEP][PASSED] - closeBrowser(): Browser is closed

21-04-2024T15:27:27 - [MESSAGE][PASSED] - Browser is closed]]></system-out>
         <system-err><![CDATA[]]></system-err>
      </testcase>
      <system-out><![CDATA[21-04-2024T15:26:27 - [TEST_SUITE][PASSED] - Add_remove: Test Cases/Swag_Lab/Add_remove]]></system-out>
      <system-err><![CDATA[]]></system-err>
   </testsuite>
</testsuites>
