<?xml version="1.0" encoding="UTF-8"?>
<testsuites name="Purchase_product" time="42.479" tests="1" failures="0" errors="0">
   <testsuite name="Purchase_product" tests="1" failures="0" errors="0" time="42.479" skipped="0" timestamp="21-04-2024T14:43:52" hostname="QH615NR - IN2410268W1.ey.net" id="Test Suites/Swag_lab/Purchase_product">
      <properties>
         <property name="deviceName" value=""/>
         <property name="devicePlatform" value=""/>
         <property name="logFolder" value="C:\\Users\\QH615NR\\OneDrive - EY\\Desktop\\Katalon Training\\Git\\KatalonGitProjectfolder\\KataloneGitProject\\Reports\\20240421_144320\\Swag_lab\\Purchase_product\\20240421_144320"/>
         <property name="logFiles" value="C:\\Users\\QH615NR\\OneDrive - EY\\Desktop\\Katalon Training\\Git\\KatalonGitProjectfolder\\KataloneGitProject\\Reports\\20240421_144320\\Swag_lab\\Purchase_product\\20240421_144320\\execution0.log"/>
         <property name="attachments" value=""/>
         <property name="hostName" value="QH615NR - IN2410268W1.ey.net"/>
         <property name="os" value="Windows 10 64bit"/>
         <property name="katalonVersion" value="9.4.0.212"/>
         <property name="browser" value="Edge Chromium 124"/>
         <property name="hostAddress" value="192.168.1.6"/>
         <property name="sessionId" value="60bba6d44582aef34c4bda5ac3cf1ec6"/>
         <property name="seleniumVersion" value="3.141.59"/>
         <property name="proxyInformation" value="ProxyInformation { proxyOption=NO_PROXY, proxyServerType=HTTP, username=, password=********, proxyServerAddress=, proxyServerPort=0, executionList=&quot;&quot;, isApplyToDesiredCapabilities=true }"/>
         <property name="platform" value="Windows 10"/>
      </properties>
      <testcase name="Test Cases/Swag_Lab/Purchase_product" time="41.651" classname="Test Cases/Swag_Lab/Purchase_product" status="PASSED">
         <system-out><![CDATA[21-04-2024T14:43:53 - [TEST_CASE][PASSED] - Test Cases/Swag_Lab/Purchase_product: Test Cases/Swag_Lab/Purchase_product

21-04-2024T14:43:54 - [TEST_STEP][PASSED] - openBrowser(""): Browser is opened with url: ''

21-04-2024T14:43:56 - [MESSAGE][INFO] - Starting 'Edge Chromium' driver

21-04-2024T14:43:59 - [MESSAGE][INFO] - Action delay is set to 0 milliseconds

21-04-2024T14:44:05 - [MESSAGE][PASSED] - Browser is opened with url: ''

21-04-2024T14:44:05 - [TEST_STEP][PASSED] - navigateToUrl("https://www.saucedemo.com/v1/index.html"): Navigate to 'https://www.saucedemo.com/v1/index.html' successfully

21-04-2024T14:44:08 - [MESSAGE][PASSED] - Navigate to 'https://www.saucedemo.com/v1/index.html' successfully

21-04-2024T14:44:08 - [TEST_STEP][PASSED] - setText(findTestObject("Object Repository/Page_Swag Labs/input_standard_userlocked_out_userproblem_u_db77ac"), "standard_user"): Text 'standard_user' is set on object 'Object Repository/Page_Swag Labs/input_standard_userlocked_out_userproblem_u_db77ac'

21-04-2024T14:44:12 - [MESSAGE][PASSED] - Text 'standard_user' is set on object 'Object Repository/Page_Swag Labs/input_standard_userlocked_out_userproblem_u_db77ac'

21-04-2024T14:44:12 - [TEST_STEP][PASSED] - setEncryptedText(findTestObject("Object Repository/Page_Swag Labs/input_standard_userlocked_out_userproblem_u_3423e9"), "qcu24s4901FyWDTwXGr6XA=="): Text ****** has been set on object 'Object Repository/Page_Swag Labs/input_standard_userlocked_out_userproblem_u_3423e9'

21-04-2024T14:44:14 - [MESSAGE][PASSED] - Text ****** has been set on object 'Object Repository/Page_Swag Labs/input_standard_userlocked_out_userproblem_u_3423e9'

21-04-2024T14:44:14 - [TEST_STEP][PASSED] - click(findTestObject("Object Repository/Page_Swag Labs/input_standard_userlocked_out_userproblem_u_0dff71")): Object: 'Object Repository/Page_Swag Labs/input_standard_userlocked_out_userproblem_u_0dff71' is clicked on

21-04-2024T14:44:17 - [MESSAGE][PASSED] - Object: 'Object Repository/Page_Swag Labs/input_standard_userlocked_out_userproblem_u_0dff71' is clicked on

21-04-2024T14:44:17 - [TEST_STEP][PASSED] - click(findTestObject("Object Repository/Page_Swag Labs/button_ADD TO CART")): Object: 'Object Repository/Page_Swag Labs/button_ADD TO CART' is clicked on

21-04-2024T14:44:18 - [MESSAGE][PASSED] - Object: 'Object Repository/Page_Swag Labs/button_ADD TO CART' is clicked on

21-04-2024T14:44:18 - [TEST_STEP][PASSED] - click(findTestObject("Object Repository/Page_Swag Labs/path")): Object: 'Object Repository/Page_Swag Labs/path' is clicked on

21-04-2024T14:44:20 - [MESSAGE][WARNING] - [SELF-HEALING] Failed to find element with id 'Object Repository/Page_Swag Labs/path'. Try using Self-healing.

21-04-2024T14:44:22 - [MESSAGE][INFO] - [SELF-HEALING] No working XPath is found.

21-04-2024T14:44:23 - [MESSAGE][INFO] - [SELF-HEALING] Screenshot: C:/Users/QH615NR/OneDrive - EY/Desktop/Katalon Training/Git/KatalonGitProjectfolder/KataloneGitProject/Reports/Self-healing/Object Repository/Page_Swag Labs/path_SMART_LOCATOR.png

21-04-2024T14:44:24 - [MESSAGE][WARNING] - [SELF-HEALING] The current locator of test object 'Object Repository/Page_Swag Labs/path' was broken. Propose an alternative one: 'internal:role=link[name="1"i]'.

21-04-2024T14:44:24 - [MESSAGE][PASSED] - Object: 'Object Repository/Page_Swag Labs/path' is clicked on

21-04-2024T14:44:24 - [TEST_STEP][PASSED] - click(findTestObject("Object Repository/Page_Swag Labs/a_CHECKOUT")): Object: 'Object Repository/Page_Swag Labs/a_CHECKOUT' is clicked on

21-04-2024T14:44:25 - [MESSAGE][PASSED] - Object: 'Object Repository/Page_Swag Labs/a_CHECKOUT' is clicked on

21-04-2024T14:44:25 - [TEST_STEP][PASSED] - setText(findTestObject("Object Repository/Page_Swag Labs/input_Checkout Your Information_first-name"), "d"): Text 'd' is set on object 'Object Repository/Page_Swag Labs/input_Checkout Your Information_first-name'

21-04-2024T14:44:27 - [MESSAGE][PASSED] - Text 'd' is set on object 'Object Repository/Page_Swag Labs/input_Checkout Your Information_first-name'

21-04-2024T14:44:27 - [TEST_STEP][PASSED] - setText(findTestObject("Object Repository/Page_Swag Labs/input_Checkout Your Information_last-name"), "p"): Text 'p' is set on object 'Object Repository/Page_Swag Labs/input_Checkout Your Information_last-name'

21-04-2024T14:44:28 - [MESSAGE][PASSED] - Text 'p' is set on object 'Object Repository/Page_Swag Labs/input_Checkout Your Information_last-name'

21-04-2024T14:44:28 - [TEST_STEP][PASSED] - setText(findTestObject("Object Repository/Page_Swag Labs/input_Checkout Your Information_postal-code"), "345678"): Text '345678' is set on object 'Object Repository/Page_Swag Labs/input_Checkout Your Information_postal-code'

21-04-2024T14:44:30 - [MESSAGE][PASSED] - Text '345678' is set on object 'Object Repository/Page_Swag Labs/input_Checkout Your Information_postal-code'

21-04-2024T14:44:30 - [TEST_STEP][PASSED] - click(findTestObject("Object Repository/Page_Swag Labs/input_CANCEL_btn_primary cart_button")): Object: 'Object Repository/Page_Swag Labs/input_CANCEL_btn_primary cart_button' is clicked on

21-04-2024T14:44:31 - [MESSAGE][PASSED] - Object: 'Object Repository/Page_Swag Labs/input_CANCEL_btn_primary cart_button' is clicked on

21-04-2024T14:44:31 - [TEST_STEP][PASSED] - click(findTestObject("Object Repository/Page_Swag Labs/a_FINISH")): Object: 'Object Repository/Page_Swag Labs/a_FINISH' is clicked on

21-04-2024T14:44:32 - [MESSAGE][PASSED] - Object: 'Object Repository/Page_Swag Labs/a_FINISH' is clicked on

21-04-2024T14:44:32 - [TEST_STEP][PASSED] - verifyElementText(findTestObject("Object Repository/Page_Swag Labs/h2_THANK YOU FOR YOUR ORDER"), "THANK YOU FOR YOUR ORDER"): Actual text and expected text of test object 'Object Repository/Page_Swag Labs/h2_THANK YOU FOR YOUR ORDER' are matched.

21-04-2024T14:44:32 - [MESSAGE][PASSED] - Actual text and expected text of test object 'Object Repository/Page_Swag Labs/h2_THANK YOU FOR YOUR ORDER' are matched.

21-04-2024T14:44:32 - [TEST_STEP][PASSED] - closeBrowser(): Browser is closed

21-04-2024T14:44:35 - [MESSAGE][PASSED] - Browser is closed]]></system-out>
         <system-err><![CDATA[]]></system-err>
      </testcase>
      <system-out><![CDATA[21-04-2024T14:43:52 - [TEST_SUITE][PASSED] - Purchase_product: Test Cases/Swag_Lab/Purchase_product]]></system-out>
      <system-err><![CDATA[]]></system-err>
   </testsuite>
</testsuites>
