<?xml version="1.0" encoding="UTF-8"?>
<testsuites name="shorting" time="41.949" tests="1" failures="0" errors="0">
   <testsuite name="shorting" tests="1" failures="0" errors="0" time="41.949" skipped="0" timestamp="21-04-2024T15:40:19" hostname="QH615NR - IN2410268W1.ey.net" id="Test Suites/Swag_lab/shorting">
      <properties>
         <property name="deviceName" value=""/>
         <property name="devicePlatform" value=""/>
         <property name="logFolder" value="C:\\Users\\QH615NR\\OneDrive - EY\\Desktop\\Katalon Training\\Git\\KatalonGitProjectfolder\\KataloneGitProject\\Reports\\20240421_153957\\Swag_lab\\shorting\\20240421_153957"/>
         <property name="logFiles" value="C:\\Users\\QH615NR\\OneDrive - EY\\Desktop\\Katalon Training\\Git\\KatalonGitProjectfolder\\KataloneGitProject\\Reports\\20240421_153957\\Swag_lab\\shorting\\20240421_153957\\execution0.log"/>
         <property name="attachments" value=""/>
         <property name="hostName" value="QH615NR - IN2410268W1.ey.net"/>
         <property name="os" value="Windows 10 64bit"/>
         <property name="katalonVersion" value="9.4.0.212"/>
         <property name="browser" value="Edge Chromium 124"/>
         <property name="hostAddress" value="192.168.1.6"/>
         <property name="sessionId" value="6a099817ce585c03fd721ba33c82d862"/>
         <property name="seleniumVersion" value="3.141.59"/>
         <property name="proxyInformation" value="ProxyInformation { proxyOption=NO_PROXY, proxyServerType=HTTP, username=, password=********, proxyServerAddress=, proxyServerPort=0, executionList=&quot;&quot;, isApplyToDesiredCapabilities=true }"/>
         <property name="platform" value="Windows 10"/>
      </properties>
      <testcase name="Test Cases/Swag_Lab/shorting" time="40.621" classname="Test Cases/Swag_Lab/shorting" status="PASSED">
         <system-out><![CDATA[21-04-2024T15:40:21 - [TEST_CASE][PASSED] - Test Cases/Swag_Lab/shorting: Test Cases/Swag_Lab/shorting

21-04-2024T15:40:22 - [TEST_STEP][PASSED] - openBrowser(""): Browser is opened with url: ''

21-04-2024T15:40:24 - [MESSAGE][INFO] - Starting 'Edge Chromium' driver

21-04-2024T15:40:29 - [MESSAGE][INFO] - Action delay is set to 0 milliseconds

21-04-2024T15:40:37 - [MESSAGE][PASSED] - Browser is opened with url: ''

21-04-2024T15:40:37 - [TEST_STEP][PASSED] - navigateToUrl("https://www.saucedemo.com/v1/index.html"): Navigate to 'https://www.saucedemo.com/v1/index.html' successfully

21-04-2024T15:40:40 - [MESSAGE][PASSED] - Navigate to 'https://www.saucedemo.com/v1/index.html' successfully

21-04-2024T15:40:40 - [TEST_STEP][PASSED] - setText(findTestObject("Object Repository/Page_Swag Labs/input_standard_userlocked_out_userproblem_u_db77ac"), "standard_user"): Text 'standard_user' is set on object 'Object Repository/Page_Swag Labs/input_standard_userlocked_out_userproblem_u_db77ac'

21-04-2024T15:40:43 - [MESSAGE][PASSED] - Text 'standard_user' is set on object 'Object Repository/Page_Swag Labs/input_standard_userlocked_out_userproblem_u_db77ac'

21-04-2024T15:40:43 - [TEST_STEP][PASSED] - setEncryptedText(findTestObject("Object Repository/Page_Swag Labs/input_standard_userlocked_out_userproblem_u_3423e9"), "qcu24s4901FyWDTwXGr6XA=="): Text ****** has been set on object 'Object Repository/Page_Swag Labs/input_standard_userlocked_out_userproblem_u_3423e9'

21-04-2024T15:40:45 - [MESSAGE][PASSED] - Text ****** has been set on object 'Object Repository/Page_Swag Labs/input_standard_userlocked_out_userproblem_u_3423e9'

21-04-2024T15:40:45 - [TEST_STEP][PASSED] - click(findTestObject("Object Repository/Page_Swag Labs/input_standard_userlocked_out_userproblem_u_0dff71")): Object: 'Object Repository/Page_Swag Labs/input_standard_userlocked_out_userproblem_u_0dff71' is clicked on

21-04-2024T15:40:47 - [MESSAGE][PASSED] - Object: 'Object Repository/Page_Swag Labs/input_standard_userlocked_out_userproblem_u_0dff71' is clicked on

21-04-2024T15:40:47 - [TEST_STEP][PASSED] - selectOptionByValue(findTestObject("Object Repository/Page_Swag Labs/select_Name (A to Z)Name (Z to A)Price (low_f7e90a"), "za", true): All options with value 'za' are selected in object 'Object Repository/Page_Swag Labs/select_Name (A to Z)Name (Z to A)Price (low_f7e90a'  using regular expression

21-04-2024T15:40:48 - [MESSAGE][PASSED] - All options with value 'za' are selected in object 'Object Repository/Page_Swag Labs/select_Name (A to Z)Name (Z to A)Price (low_f7e90a'  using regular expression

21-04-2024T15:40:48 - [TEST_STEP][PASSED] - selectOptionByValue(findTestObject("Object Repository/Page_Swag Labs/select_Name (A to Z)Name (Z to A)Price (low_f7e90a"), "lohi", true): All options with value 'lohi' are selected in object 'Object Repository/Page_Swag Labs/select_Name (A to Z)Name (Z to A)Price (low_f7e90a'  using regular expression

21-04-2024T15:40:50 - [MESSAGE][PASSED] - All options with value 'lohi' are selected in object 'Object Repository/Page_Swag Labs/select_Name (A to Z)Name (Z to A)Price (low_f7e90a'  using regular expression

21-04-2024T15:40:50 - [TEST_STEP][PASSED] - click(findTestObject("Object Repository/Page_Swag Labs/button_ADD TO CART")): Object: 'Object Repository/Page_Swag Labs/button_ADD TO CART' is clicked on

21-04-2024T15:40:50 - [MESSAGE][PASSED] - Object: 'Object Repository/Page_Swag Labs/button_ADD TO CART' is clicked on

21-04-2024T15:40:50 - [TEST_STEP][PASSED] - click(findTestObject("Object Repository/Page_Swag Labs/path")): Object: 'Object Repository/Page_Swag Labs/path' is clicked on

21-04-2024T15:40:51 - [MESSAGE][WARNING] - [SELF-HEALING] Failed to find element with id 'Object Repository/Page_Swag Labs/path'. Try using Self-healing.

21-04-2024T15:40:52 - [MESSAGE][WARNING] - [SELF-HEALING] The current locator of test object 'Object Repository/Page_Swag Labs/path' was broken. Propose an alternative one: 'path'.

21-04-2024T15:40:53 - [MESSAGE][PASSED] - Object: 'Object Repository/Page_Swag Labs/path' is clicked on

21-04-2024T15:40:53 - [TEST_STEP][PASSED] - click(findTestObject("Object Repository/Page_Swag Labs/a_CHECKOUT")): Object: 'Object Repository/Page_Swag Labs/a_CHECKOUT' is clicked on

21-04-2024T15:40:54 - [MESSAGE][PASSED] - Object: 'Object Repository/Page_Swag Labs/a_CHECKOUT' is clicked on

21-04-2024T15:40:54 - [TEST_STEP][PASSED] - setText(findTestObject("Object Repository/Page_Swag Labs/input_Checkout Your Information_first-name"), "d"): Text 'd' is set on object 'Object Repository/Page_Swag Labs/input_Checkout Your Information_first-name'

21-04-2024T15:40:55 - [MESSAGE][PASSED] - Text 'd' is set on object 'Object Repository/Page_Swag Labs/input_Checkout Your Information_first-name'

21-04-2024T15:40:55 - [TEST_STEP][PASSED] - setText(findTestObject("Object Repository/Page_Swag Labs/input_Checkout Your Information_last-name"), "p"): Text 'p' is set on object 'Object Repository/Page_Swag Labs/input_Checkout Your Information_last-name'

21-04-2024T15:40:56 - [MESSAGE][PASSED] - Text 'p' is set on object 'Object Repository/Page_Swag Labs/input_Checkout Your Information_last-name'

21-04-2024T15:40:56 - [TEST_STEP][PASSED] - setText(findTestObject("Object Repository/Page_Swag Labs/input_Checkout Your Information_postal-code"), "345612"): Text '345612' is set on object 'Object Repository/Page_Swag Labs/input_Checkout Your Information_postal-code'

21-04-2024T15:40:57 - [MESSAGE][PASSED] - Text '345612' is set on object 'Object Repository/Page_Swag Labs/input_Checkout Your Information_postal-code'

21-04-2024T15:40:57 - [TEST_STEP][PASSED] - click(findTestObject("Object Repository/Page_Swag Labs/input_CANCEL_btn_primary cart_button")): Object: 'Object Repository/Page_Swag Labs/input_CANCEL_btn_primary cart_button' is clicked on

21-04-2024T15:40:58 - [MESSAGE][PASSED] - Object: 'Object Repository/Page_Swag Labs/input_CANCEL_btn_primary cart_button' is clicked on

21-04-2024T15:40:58 - [TEST_STEP][PASSED] - click(findTestObject("Object Repository/Page_Swag Labs/a_FINISH")): Object: 'Object Repository/Page_Swag Labs/a_FINISH' is clicked on

21-04-2024T15:40:59 - [MESSAGE][PASSED] - Object: 'Object Repository/Page_Swag Labs/a_FINISH' is clicked on

21-04-2024T15:40:59 - [TEST_STEP][PASSED] - verifyElementPresent(findTestObject("Object Repository/Page_Swag Labs/h2_THANK YOU FOR YOUR ORDER"), 0): Object 'Object Repository/Page_Swag Labs/h2_THANK YOU FOR YOUR ORDER' is present

21-04-2024T15:40:59 - [MESSAGE][WARNING] - Timeout '0' is invalid. Using default page load timeout: '30'

21-04-2024T15:40:59 - [MESSAGE][PASSED] - Object 'Object Repository/Page_Swag Labs/h2_THANK YOU FOR YOUR ORDER' is present

21-04-2024T15:40:59 - [TEST_STEP][PASSED] - closeBrowser(): Browser is closed

21-04-2024T15:41:01 - [MESSAGE][PASSED] - Browser is closed]]></system-out>
         <system-err><![CDATA[]]></system-err>
      </testcase>
      <system-out><![CDATA[21-04-2024T15:40:19 - [TEST_SUITE][PASSED] - shorting: Test Cases/Swag_Lab/shorting]]></system-out>
      <system-err><![CDATA[]]></system-err>
   </testsuite>
</testsuites>
