<?xml version="1.0" encoding="UTF-8"?>
<testsuites name="Add_item" time="102.537" tests="1" failures="0" errors="0">
   <testsuite name="Add_item" tests="1" failures="0" errors="0" time="102.537" skipped="0" timestamp="23-04-2024T16:17:00" hostname="QH615NR - IN2410268W1.ey.net" id="Test Suites/petstore/Add_item">
      <properties>
         <property name="deviceName" value=""/>
         <property name="devicePlatform" value=""/>
         <property name="logFolder" value="C:\\Users\\QH615NR\\OneDrive - EY\\Desktop\\Katalon Training\\Git\\KatalonGitProjectfolder\\KataloneGitProject\\Reports\\20240423_161627\\petstore\\Add_item\\20240423_161628"/>
         <property name="logFiles" value="C:\\Users\\QH615NR\\OneDrive - EY\\Desktop\\Katalon Training\\Git\\KatalonGitProjectfolder\\KataloneGitProject\\Reports\\20240423_161627\\petstore\\Add_item\\20240423_161628\\execution0.log"/>
         <property name="attachments" value=""/>
         <property name="hostName" value="QH615NR - IN2410268W1.ey.net"/>
         <property name="os" value="Windows 10 64bit"/>
         <property name="katalonVersion" value="9.4.0.212"/>
         <property name="browser" value="Edge Chromium 124"/>
         <property name="hostAddress" value="192.168.1.4"/>
         <property name="sessionId" value="9a3d6638c33eaf74d065e6834dd1f1cc"/>
         <property name="seleniumVersion" value="3.141.59"/>
         <property name="proxyInformation" value="ProxyInformation { proxyOption=NO_PROXY, proxyServerType=HTTP, username=, password=********, proxyServerAddress=, proxyServerPort=0, executionList=&quot;&quot;, isApplyToDesiredCapabilities=true }"/>
         <property name="platform" value="Windows 10"/>
      </properties>
      <testcase name="Test Cases/petstore/Add _item" time="101.171" classname="Test Cases/petstore/Add _item" status="PASSED">
         <system-out><![CDATA[23-04-2024T16:17:01 - [TEST_CASE][PASSED] - Test Cases/petstore/Add _item: Test Cases/petstore/Add _item

23-04-2024T16:17:05 - [TEST_STEP][PASSED] - openBrowser(""): Browser is opened with url: ''

23-04-2024T16:17:07 - [MESSAGE][INFO] - Starting 'Edge Chromium' driver

23-04-2024T16:17:13 - [MESSAGE][INFO] - Action delay is set to 0 milliseconds

23-04-2024T16:17:20 - [MESSAGE][PASSED] - Browser is opened with url: ''

23-04-2024T16:17:20 - [TEST_STEP][PASSED] - navigateToUrl("https://petstore.octoperf.com/actions/Catalog.action"): Navigate to 'https://petstore.octoperf.com/actions/Catalog.action' successfully

23-04-2024T16:17:23 - [MESSAGE][PASSED] - Navigate to 'https://petstore.octoperf.com/actions/Catalog.action' successfully

23-04-2024T16:17:23 - [TEST_STEP][PASSED] - click(findTestObject("Object Repository/Page_JPetStore Demo/a_Sign In (1)")): Object: 'Object Repository/Page_JPetStore Demo/a_Sign In (1)' is clicked on

23-04-2024T16:17:25 - [MESSAGE][PASSED] - Object: 'Object Repository/Page_JPetStore Demo/a_Sign In (1)' is clicked on

23-04-2024T16:17:25 - [TEST_STEP][PASSED] - setText(findTestObject("Object Repository/Page_JPetStore Demo/input_Need a user name and password_username (1)"), "Debahuti"): Text 'Debahuti' is set on object 'Object Repository/Page_JPetStore Demo/input_Need a user name and password_username (1)'

23-04-2024T16:17:57 - [MESSAGE][INFO] - Unable to find the element located by 'By.xpath: //input[@id='stripes-2015810515']'. Please recheck the objects properties to make sure the desired element is located. 

23-04-2024T16:17:57 - [MESSAGE][WARNING] - [SELF-HEALING] Failed to find element with id 'Object Repository/Page_JPetStore Demo/input_Need a user name and password_username (1)'. Try using Self-healing.

23-04-2024T16:17:57 - [MESSAGE][WARNING] - [SELF-HEALING] The current locator of test object 'Object Repository/Page_JPetStore Demo/input_Need a user name and password_username (1)' was broken. Propose an alternative one: '//div[@id='Catalog']/form/p[2]/input'.

23-04-2024T16:18:29 - [MESSAGE][INFO] - Unable to find the element located by 'By.xpath: //input[@id='stripes-2015810515']'. Please recheck the objects properties to make sure the desired element is located. 

23-04-2024T16:18:29 - [MESSAGE][WARNING] - [SELF-HEALING] Failed to find element with id 'Object Repository/Page_JPetStore Demo/input_Need a user name and password_username (1)'. Try using Self-healing.

23-04-2024T16:18:29 - [MESSAGE][WARNING] - [SELF-HEALING] The current locator of test object 'Object Repository/Page_JPetStore Demo/input_Need a user name and password_username (1)' was broken. Propose an alternative one: '//div[@id='Catalog']/form/p[2]/input'.

23-04-2024T16:18:29 - [MESSAGE][PASSED] - Text 'Debahuti' is set on object 'Object Repository/Page_JPetStore Demo/input_Need a user name and password_username (1)'

23-04-2024T16:18:29 - [TEST_STEP][PASSED] - setEncryptedText(findTestObject("Object Repository/Page_JPetStore Demo/input_Need a user name and password_password (1)"), "gx5eF5RZOCViIDRmNDPMxg=="): Text ****** has been set on object 'Object Repository/Page_JPetStore Demo/input_Need a user name and password_password (1)'

23-04-2024T16:18:31 - [MESSAGE][PASSED] - Text ****** has been set on object 'Object Repository/Page_JPetStore Demo/input_Need a user name and password_password (1)'

23-04-2024T16:18:31 - [TEST_STEP][PASSED] - click(findTestObject("Object Repository/Page_JPetStore Demo/input_Need a user name and password_signon (1)")): Object: 'Object Repository/Page_JPetStore Demo/input_Need a user name and password_signon (1)' is clicked on

23-04-2024T16:18:32 - [MESSAGE][PASSED] - Object: 'Object Repository/Page_JPetStore Demo/input_Need a user name and password_signon (1)' is clicked on

23-04-2024T16:18:32 - [TEST_STEP][PASSED] - click(findTestObject("Object Repository/Page_JPetStore Demo/img")): Object: 'Object Repository/Page_JPetStore Demo/img' is clicked on

23-04-2024T16:18:34 - [MESSAGE][PASSED] - Object: 'Object Repository/Page_JPetStore Demo/img' is clicked on

23-04-2024T16:18:34 - [TEST_STEP][PASSED] - click(findTestObject("Object Repository/Page_JPetStore Demo/a_FI-SW-01")): Object: 'Object Repository/Page_JPetStore Demo/a_FI-SW-01' is clicked on

23-04-2024T16:18:35 - [MESSAGE][PASSED] - Object: 'Object Repository/Page_JPetStore Demo/a_FI-SW-01' is clicked on

23-04-2024T16:18:35 - [TEST_STEP][PASSED] - click(findTestObject("Object Repository/Page_JPetStore Demo/a_Add to Cart")): Object: 'Object Repository/Page_JPetStore Demo/a_Add to Cart' is clicked on

23-04-2024T16:18:36 - [MESSAGE][PASSED] - Object: 'Object Repository/Page_JPetStore Demo/a_Add to Cart' is clicked on

23-04-2024T16:18:36 - [TEST_STEP][PASSED] - click(findTestObject("Object Repository/Page_JPetStore Demo/a_Proceed to Checkout")): Object: 'Object Repository/Page_JPetStore Demo/a_Proceed to Checkout' is clicked on

23-04-2024T16:18:37 - [MESSAGE][PASSED] - Object: 'Object Repository/Page_JPetStore Demo/a_Proceed to Checkout' is clicked on

23-04-2024T16:18:37 - [TEST_STEP][PASSED] - click(findTestObject("Object Repository/Page_JPetStore Demo/input_Ship to different address_newOrder")): Object: 'Object Repository/Page_JPetStore Demo/input_Ship to different address_newOrder' is clicked on

23-04-2024T16:18:38 - [MESSAGE][PASSED] - Object: 'Object Repository/Page_JPetStore Demo/input_Ship to different address_newOrder' is clicked on

23-04-2024T16:18:38 - [TEST_STEP][PASSED] - click(findTestObject("Object Repository/Page_JPetStore Demo/a_Confirm")): Object: 'Object Repository/Page_JPetStore Demo/a_Confirm' is clicked on

23-04-2024T16:18:39 - [MESSAGE][PASSED] - Object: 'Object Repository/Page_JPetStore Demo/a_Confirm' is clicked on

23-04-2024T16:18:39 - [TEST_STEP][PASSED] - verifyElementVisible(findTestObject("Object Repository/Page_JPetStore Demo/li_Thank you, your order has been submitted")): Object 'Object Repository/Page_JPetStore Demo/li_Thank you, your order has been submitted' is visible

23-04-2024T16:18:40 - [MESSAGE][PASSED] - Object 'Object Repository/Page_JPetStore Demo/li_Thank you, your order has been submitted' is visible

23-04-2024T16:18:40 - [TEST_STEP][PASSED] - closeBrowser(): Browser is closed

23-04-2024T16:18:43 - [MESSAGE][PASSED] - Browser is closed]]></system-out>
         <system-err><![CDATA[]]></system-err>
      </testcase>
      <system-out><![CDATA[23-04-2024T16:17:00 - [TEST_SUITE][PASSED] - Add_item: Test Cases/petstore/Add _item]]></system-out>
      <system-err><![CDATA[]]></system-err>
   </testsuite>
</testsuites>
