<?xml version="1.0" encoding="UTF-8"?>
<testsuites name="Remove_item" time="41.285" tests="1" failures="0" errors="0">
   <testsuite name="Remove_item" tests="1" failures="0" errors="0" time="41.285" skipped="0" timestamp="24-04-2024T18:43:39" hostname="QH615NR - IN2410268W1.ey.net" id="Test Suites/Swag_lab/Remove_item">
      <properties>
         <property name="deviceName" value=""/>
         <property name="devicePlatform" value=""/>
         <property name="logFolder" value="C:\\Users\\QH615NR\\OneDrive - EY\\Desktop\\Katalon Training\\Git\\KatalonGitProjectfolder\\KataloneGitProject\\Reports\\20240424_184318\\Swag_lab\\Remove_item\\20240424_184318"/>
         <property name="logFiles" value="C:\\Users\\QH615NR\\OneDrive - EY\\Desktop\\Katalon Training\\Git\\KatalonGitProjectfolder\\KataloneGitProject\\Reports\\20240424_184318\\Swag_lab\\Remove_item\\20240424_184318\\execution0.log"/>
         <property name="attachments" value=""/>
         <property name="hostName" value="QH615NR - IN2410268W1.ey.net"/>
         <property name="os" value="Windows 10 64bit"/>
         <property name="katalonVersion" value="9.4.0.212"/>
         <property name="browser" value="Edge Chromium 124"/>
         <property name="hostAddress" value="192.168.1.4"/>
         <property name="sessionId" value="dc9d4fc010f93b1017776b071408d064"/>
         <property name="seleniumVersion" value="3.141.59"/>
         <property name="proxyInformation" value="ProxyInformation { proxyOption=NO_PROXY, proxyServerType=HTTP, username=, password=********, proxyServerAddress=, proxyServerPort=0, executionList=&quot;&quot;, isApplyToDesiredCapabilities=true }"/>
         <property name="platform" value="Windows 10"/>
      </properties>
      <testcase name="Test Cases/Swag_Lab/Remove_item" time="40.212" classname="Test Cases/Swag_Lab/Remove_item" status="PASSED">
         <system-out><![CDATA[24-04-2024T18:43:40 - [TEST_CASE][PASSED] - Test Cases/Swag_Lab/Remove_item: Test Cases/Swag_Lab/Remove_item

24-04-2024T18:43:42 - [TEST_STEP][PASSED] - openBrowser(""): Browser is opened with url: ''

24-04-2024T18:43:43 - [MESSAGE][INFO] - Starting 'Edge Chromium' driver

24-04-2024T18:43:49 - [MESSAGE][INFO] - Action delay is set to 0 milliseconds

24-04-2024T18:43:55 - [MESSAGE][PASSED] - Browser is opened with url: ''

24-04-2024T18:43:55 - [TEST_STEP][PASSED] - navigateToUrl("https://www.saucedemo.com/v1/index.html"): Navigate to 'https://www.saucedemo.com/v1/index.html' successfully

24-04-2024T18:43:57 - [MESSAGE][PASSED] - Navigate to 'https://www.saucedemo.com/v1/index.html' successfully

24-04-2024T18:43:57 - [TEST_STEP][PASSED] - click(findTestObject("Object Repository/Page_Swag Labs/input_standard_userlocked_out_userproblem_u_db77ac (2)")): Object: 'Object Repository/Page_Swag Labs/input_standard_userlocked_out_userproblem_u_db77ac (2)' is clicked on

24-04-2024T18:43:58 - [MESSAGE][PASSED] - Object: 'Object Repository/Page_Swag Labs/input_standard_userlocked_out_userproblem_u_db77ac (2)' is clicked on

24-04-2024T18:43:58 - [TEST_STEP][PASSED] - setText(findTestObject("Object Repository/Page_Swag Labs/input_standard_userlocked_out_userproblem_u_db77ac (2)"), "standard_user"): Text 'standard_user' is set on object 'Object Repository/Page_Swag Labs/input_standard_userlocked_out_userproblem_u_db77ac (2)'

24-04-2024T18:43:59 - [MESSAGE][PASSED] - Text 'standard_user' is set on object 'Object Repository/Page_Swag Labs/input_standard_userlocked_out_userproblem_u_db77ac (2)'

24-04-2024T18:43:59 - [TEST_STEP][PASSED] - setEncryptedText(findTestObject("Object Repository/Page_Swag Labs/input_standard_userlocked_out_userproblem_u_3423e9 (2)"), "qcu24s4901FyWDTwXGr6XA=="): Text ****** has been set on object 'Object Repository/Page_Swag Labs/input_standard_userlocked_out_userproblem_u_3423e9 (2)'

24-04-2024T18:44:00 - [MESSAGE][PASSED] - Text ****** has been set on object 'Object Repository/Page_Swag Labs/input_standard_userlocked_out_userproblem_u_3423e9 (2)'

24-04-2024T18:44:00 - [TEST_STEP][PASSED] - click(findTestObject("Object Repository/Page_Swag Labs/input_standard_userlocked_out_userproblem_u_0dff71 (2)")): Object: 'Object Repository/Page_Swag Labs/input_standard_userlocked_out_userproblem_u_0dff71 (2)' is clicked on

24-04-2024T18:44:02 - [MESSAGE][PASSED] - Object: 'Object Repository/Page_Swag Labs/input_standard_userlocked_out_userproblem_u_0dff71 (2)' is clicked on

24-04-2024T18:44:02 - [TEST_STEP][PASSED] - click(findTestObject("Object Repository/Page_Swag Labs/button_ADD TO CART (2)")): Object: 'Object Repository/Page_Swag Labs/button_ADD TO CART (2)' is clicked on

24-04-2024T18:44:03 - [MESSAGE][PASSED] - Object: 'Object Repository/Page_Swag Labs/button_ADD TO CART (2)' is clicked on

24-04-2024T18:44:03 - [TEST_STEP][PASSED] - click(findTestObject("Object Repository/Page_Swag Labs/button_ADD TO CART (2)")): Object: 'Object Repository/Page_Swag Labs/button_ADD TO CART (2)' is clicked on

24-04-2024T18:44:04 - [MESSAGE][PASSED] - Object: 'Object Repository/Page_Swag Labs/button_ADD TO CART (2)' is clicked on

24-04-2024T18:44:04 - [TEST_STEP][PASSED] - click(findTestObject("Object Repository/Page_Swag Labs/button_ADD TO CART (2)")): Object: 'Object Repository/Page_Swag Labs/button_ADD TO CART (2)' is clicked on

24-04-2024T18:44:05 - [MESSAGE][PASSED] - Object: 'Object Repository/Page_Swag Labs/button_ADD TO CART (2)' is clicked on

24-04-2024T18:44:05 - [TEST_STEP][PASSED] - click(findTestObject("Object Repository/Page_Swag Labs/button_ADD TO CART (2)")): Object: 'Object Repository/Page_Swag Labs/button_ADD TO CART (2)' is clicked on

24-04-2024T18:44:05 - [MESSAGE][PASSED] - Object: 'Object Repository/Page_Swag Labs/button_ADD TO CART (2)' is clicked on

24-04-2024T18:44:05 - [TEST_STEP][PASSED] - click(findTestObject("Object Repository/Page_Swag Labs/button_ADD TO CART (2)")): Object: 'Object Repository/Page_Swag Labs/button_ADD TO CART (2)' is clicked on

24-04-2024T18:44:07 - [MESSAGE][PASSED] - Object: 'Object Repository/Page_Swag Labs/button_ADD TO CART (2)' is clicked on

24-04-2024T18:44:07 - [TEST_STEP][PASSED] - click(findTestObject("Object Repository/Page_Swag Labs/button_ADD TO CART (2)")): Object: 'Object Repository/Page_Swag Labs/button_ADD TO CART (2)' is clicked on

24-04-2024T18:44:07 - [MESSAGE][PASSED] - Object: 'Object Repository/Page_Swag Labs/button_ADD TO CART (2)' is clicked on

24-04-2024T18:44:07 - [TEST_STEP][PASSED] - click(findTestObject("Object Repository/Page_Swag Labs/path (1)")): Object: 'Object Repository/Page_Swag Labs/path (1)' is clicked on

24-04-2024T18:44:08 - [MESSAGE][WARNING] - [SELF-HEALING] Failed to find element with id 'Object Repository/Page_Swag Labs/path (1)'. Try using Self-healing.

24-04-2024T18:44:08 - [MESSAGE][WARNING] - [SELF-HEALING] The current locator of test object 'Object Repository/Page_Swag Labs/path (1)' was broken. Propose an alternative one: 'path'.

24-04-2024T18:44:09 - [MESSAGE][PASSED] - Object: 'Object Repository/Page_Swag Labs/path (1)' is clicked on

24-04-2024T18:44:09 - [TEST_STEP][PASSED] - click(findTestObject("Object Repository/Page_Swag Labs/a_Continue Shopping (1)")): Object: 'Object Repository/Page_Swag Labs/a_Continue Shopping (1)' is clicked on

24-04-2024T18:44:10 - [MESSAGE][PASSED] - Object: 'Object Repository/Page_Swag Labs/a_Continue Shopping (1)' is clicked on

24-04-2024T18:44:10 - [TEST_STEP][PASSED] - click(findTestObject("Object Repository/Page_Swag Labs/path (1)")): Object: 'Object Repository/Page_Swag Labs/path (1)' is clicked on

24-04-2024T18:44:10 - [MESSAGE][WARNING] - [SELF-HEALING] Failed to find element with id 'Object Repository/Page_Swag Labs/path (1)'. Try using Self-healing.

24-04-2024T18:44:10 - [MESSAGE][WARNING] - [SELF-HEALING] The current locator of test object 'Object Repository/Page_Swag Labs/path (1)' was broken. Propose an alternative one: 'path'.

24-04-2024T18:44:11 - [MESSAGE][PASSED] - Object: 'Object Repository/Page_Swag Labs/path (1)' is clicked on

24-04-2024T18:44:11 - [TEST_STEP][PASSED] - click(findTestObject("Object Repository/Page_Swag Labs/a_CHECKOUT (1)")): Object: 'Object Repository/Page_Swag Labs/a_CHECKOUT (1)' is clicked on

24-04-2024T18:44:11 - [MESSAGE][PASSED] - Object: 'Object Repository/Page_Swag Labs/a_CHECKOUT (1)' is clicked on

24-04-2024T18:44:12 - [TEST_STEP][PASSED] - setText(findTestObject("Object Repository/Page_Swag Labs/input_Checkout Your Information_first-name (1)"), "d"): Text 'd' is set on object 'Object Repository/Page_Swag Labs/input_Checkout Your Information_first-name (1)'

24-04-2024T18:44:13 - [MESSAGE][PASSED] - Text 'd' is set on object 'Object Repository/Page_Swag Labs/input_Checkout Your Information_first-name (1)'

24-04-2024T18:44:13 - [TEST_STEP][PASSED] - setText(findTestObject("Object Repository/Page_Swag Labs/input_Checkout Your Information_last-name (1)"), "p"): Text 'p' is set on object 'Object Repository/Page_Swag Labs/input_Checkout Your Information_last-name (1)'

24-04-2024T18:44:13 - [MESSAGE][PASSED] - Text 'p' is set on object 'Object Repository/Page_Swag Labs/input_Checkout Your Information_last-name (1)'

24-04-2024T18:44:13 - [TEST_STEP][PASSED] - setText(findTestObject("Object Repository/Page_Swag Labs/input_Checkout Your Information_postal-code (1)"), "123456"): Text '123456' is set on object 'Object Repository/Page_Swag Labs/input_Checkout Your Information_postal-code (1)'

24-04-2024T18:44:14 - [MESSAGE][PASSED] - Text '123456' is set on object 'Object Repository/Page_Swag Labs/input_Checkout Your Information_postal-code (1)'

24-04-2024T18:44:14 - [TEST_STEP][PASSED] - click(findTestObject("Object Repository/Page_Swag Labs/input_CANCEL_btn_primary cart_button (1)")): Object: 'Object Repository/Page_Swag Labs/input_CANCEL_btn_primary cart_button (1)' is clicked on

24-04-2024T18:44:15 - [MESSAGE][PASSED] - Object: 'Object Repository/Page_Swag Labs/input_CANCEL_btn_primary cart_button (1)' is clicked on

24-04-2024T18:44:15 - [TEST_STEP][PASSED] - click(findTestObject("Object Repository/Page_Swag Labs/a_FINISH (1)")): Object: 'Object Repository/Page_Swag Labs/a_FINISH (1)' is clicked on

24-04-2024T18:44:16 - [MESSAGE][PASSED] - Object: 'Object Repository/Page_Swag Labs/a_FINISH (1)' is clicked on

24-04-2024T18:44:16 - [TEST_STEP][PASSED] - verifyElementText(findTestObject("Object Repository/Page_Swag Labs/h2_THANK YOU FOR YOUR ORDER (1)"), "THANK YOU FOR YOUR ORDER"): Actual text and expected text of test object 'Object Repository/Page_Swag Labs/h2_THANK YOU FOR YOUR ORDER (1)' are matched.

24-04-2024T18:44:17 - [MESSAGE][PASSED] - Actual text and expected text of test object 'Object Repository/Page_Swag Labs/h2_THANK YOU FOR YOUR ORDER (1)' are matched.

24-04-2024T18:44:17 - [TEST_STEP][PASSED] - click(findTestObject("Object Repository/Page_Swag Labs/button_Open Menu (2)")): Object: 'Object Repository/Page_Swag Labs/button_Open Menu (2)' is clicked on

24-04-2024T18:44:17 - [MESSAGE][PASSED] - Object: 'Object Repository/Page_Swag Labs/button_Open Menu (2)' is clicked on

24-04-2024T18:44:17 - [TEST_STEP][PASSED] - click(findTestObject("Object Repository/Page_Swag Labs/a_Logout (2)")): Object: 'Object Repository/Page_Swag Labs/a_Logout (2)' is clicked on

24-04-2024T18:44:18 - [MESSAGE][PASSED] - Object: 'Object Repository/Page_Swag Labs/a_Logout (2)' is clicked on

24-04-2024T18:44:18 - [TEST_STEP][PASSED] - closeBrowser(): Browser is closed

24-04-2024T18:44:20 - [MESSAGE][PASSED] - Browser is closed]]></system-out>
         <system-err><![CDATA[]]></system-err>
      </testcase>
      <system-out><![CDATA[24-04-2024T18:43:39 - [TEST_SUITE][PASSED] - Remove_item: Test Cases/Swag_Lab/Remove_item]]></system-out>
      <system-err><![CDATA[]]></system-err>
   </testsuite>
</testsuites>
